<?xml version="1.0" encoding="UTF-8"?>
<!-- Generated by org.testng.reporters.JUnitXMLReporter -->
<testsuite ignored="0" hostname="DESKTOP-6LVC8MF" failures="0" tests="2" name="Autoload AI Home Page Test_chrome" time="20.167" errors="0" timestamp="21 Jul 2024 15:27:54 GMT">
  <testcase classname="com.qa.AutoloadAI.tests.HomePageTest" name="homePageTitleTest" time="0.508"/>
  <testcase classname="com.qa.AutoloadAI.tests.HomePageTest" name="homePageURLTest" time="0.006"/>
</testsuite> <!-- Autoload AI Home Page Test_chrome -->
