<?xml version="1.0" encoding="UTF-8"?>
<!-- Generated by org.testng.reporters.JUnitXMLReporter -->
<testsuite ignored="0" hostname="DESKTOP-6LVC8MF" failures="0" tests="2" name="Autoload AI Home Page Test_edge" time="46.504" errors="0" timestamp="30 Jul 2024 15:58:14 GMT">
  <testcase classname="com.qa.AutoloadAI.tests.HomePageTest" name="homePageURLTest" time="0.174"/>
  <testcase classname="com.qa.AutoloadAI.tests.HomePageTest" name="loginPageURLForHomePage" time="8.418"/>
</testsuite> <!-- Autoload AI Home Page Test_edge -->
