<?xml version="1.0" encoding="UTF-8"?>
<!-- Generated by org.testng.reporters.JUnitXMLReporter -->
<testsuite ignored="0" hostname="DESKTOP-6LVC8MF" failures="2" tests="4" name="Autoload AI ScriptExecute Page Test_edge" time="35.712" errors="0" timestamp="29 Jul 2024 14:32:00 GMT">
  <testcase classname="com.qa.AutoloadAI.tests.ExecuteScriptTest" name="loginPageNavigationTest" time="0.431"/>
  <testcase classname="com.qa.AutoloadAI.tests.ExecuteScriptTest" name="appLoginTest" time="0.127"/>
  <testcase classname="com.qa.AutoloadAI.tests.ExecuteScriptTest" name="executeScriptFlow" time="15.704">
    <failure type="com.microsoft.playwright.impl.TargetClosedError" message="Error {
  message=&amp;apos;Target page, context or browser has been closed
  name=&amp;apos;TargetClosedError
  stack=&amp;apos;TargetClosedError:Target page, context or browser has been closed
Error
    at captureRawStack (C:\Users\hp\AppData\Local\Temp\playwright-java-8110946866158887564\package\lib\utils\stackTrace.js:49:17)
    at LongStandingScope._race (C:\Users\hp\AppData\Local\Temp\playwright-java-8110946866158887564\package\lib\utils\manualPromise.js:91:52)
    at LongStandingScope.race (C:\Users\hp\AppData\Local\Temp\playwright-java-8110946866158887564\package\lib\utils\manualPromise.js:84:17)
    at C:\Users\hp\AppData\Local\Temp\playwright-java-8110946866158887564\package\lib\utils\manualPromise.js:81:43
    at Array.map (&amp;lt;anonymous&amp;gt;)
    at LongStandingScope.raceMultiple (C:\Users\hp\AppData\Local\Temp\playwright-java-8110946866158887564\package\lib\utils\manualPromise.js:81:32)
    at Frame.retryWithProgressAndTimeouts (C:\Users\hp\AppData\Local\Temp\playwright-java-8110946866158887564\package\lib\server\frames.js:919:40)
    at async C:\Users\hp\AppData\Local\Temp\playwright-java-8110946866158887564\package\lib\server\frames.js:1008:29
    at async ProgressController.run (C:\Users\hp\AppData\Local\Temp\playwright-java-8110946866158887564\package\lib\server\progress.js:82:22)
    at async FrameDispatcher.click (C:\Users\hp\AppData\Local\Temp\playwright-java-8110946866158887564\package\lib\server\dispatchers\frameDispatcher.js:157:12)
    at async LongStandingScope._race (C:\Users\hp\AppData\Local\Temp\playwright-java-8110946866158887564\package\lib\utils\manualPromise.js:96:14)
    at async FrameDispatcher._handleCommand (C:\Users\hp\AppData\Local\Temp\playwright-java-8110946866158887564\package\lib\server\dispatchers\dispatcher.js:96:14)
    at async DispatcherConnection.dispatch (C:\Users\hp\AppData\Local\Temp\playwright-java-8110946866158887564\package\lib\server\dispatchers\dispatcher.js:361:22)
}
Call log:
- waiting for locator(&amp;quot;text=&amp;apos;reload&amp;apos;&amp;quot;)
">
      <![CDATA[com.microsoft.playwright.impl.TargetClosedError: Error {
  message='Target page, context or browser has been closed
  name='TargetClosedError
  stack='TargetClosedError:Target page, context or browser has been closed
Error
    at captureRawStack (C:\Users\hp\AppData\Local\Temp\playwright-java-8110946866158887564\package\lib\utils\stackTrace.js:49:17)
    at LongStandingScope._race (C:\Users\hp\AppData\Local\Temp\playwright-java-8110946866158887564\package\lib\utils\manualPromise.js:91:52)
    at LongStandingScope.race (C:\Users\hp\AppData\Local\Temp\playwright-java-8110946866158887564\package\lib\utils\manualPromise.js:84:17)
    at C:\Users\hp\AppData\Local\Temp\playwright-java-8110946866158887564\package\lib\utils\manualPromise.js:81:43
    at Array.map (<anonymous>)
    at LongStandingScope.raceMultiple (C:\Users\hp\AppData\Local\Temp\playwright-java-8110946866158887564\package\lib\utils\manualPromise.js:81:32)
    at Frame.retryWithProgressAndTimeouts (C:\Users\hp\AppData\Local\Temp\playwright-java-8110946866158887564\package\lib\server\frames.js:919:40)
    at async C:\Users\hp\AppData\Local\Temp\playwright-java-8110946866158887564\package\lib\server\frames.js:1008:29
    at async ProgressController.run (C:\Users\hp\AppData\Local\Temp\playwright-java-8110946866158887564\package\lib\server\progress.js:82:22)
    at async FrameDispatcher.click (C:\Users\hp\AppData\Local\Temp\playwright-java-8110946866158887564\package\lib\server\dispatchers\frameDispatcher.js:157:12)
    at async LongStandingScope._race (C:\Users\hp\AppData\Local\Temp\playwright-java-8110946866158887564\package\lib\utils\manualPromise.js:96:14)
    at async FrameDispatcher._handleCommand (C:\Users\hp\AppData\Local\Temp\playwright-java-8110946866158887564\package\lib\server\dispatchers\dispatcher.js:96:14)
    at async DispatcherConnection.dispatch (C:\Users\hp\AppData\Local\Temp\playwright-java-8110946866158887564\package\lib\server\dispatchers\dispatcher.js:361:22)
}
Call log:
- waiting for locator("text='reload'")

at com.microsoft.playwright.impl.WaitableResult.get(WaitableResult.java:54)
at com.microsoft.playwright.impl.ChannelOwner.runUntil(ChannelOwner.java:120)
at com.microsoft.playwright.impl.Connection.sendMessage(Connection.java:130)
at com.microsoft.playwright.impl.ChannelOwner.sendMessage(ChannelOwner.java:106)
at com.microsoft.playwright.impl.FrameImpl.clickImpl(FrameImpl.java:252)
at com.microsoft.playwright.impl.PageImpl.lambda$click$18(PageImpl.java:682)
at com.microsoft.playwright.impl.LoggingSupport.lambda$withLogging$0(LoggingSupport.java:36)
at com.microsoft.playwright.impl.LoggingSupport.withLogging(LoggingSupport.java:47)
at com.microsoft.playwright.impl.ChannelOwner.withLogging(ChannelOwner.java:89)
at com.microsoft.playwright.impl.LoggingSupport.withLogging(LoggingSupport.java:35)
at com.microsoft.playwright.impl.PageImpl.click(PageImpl.java:681)
at com.microsoft.playwright.Page.click(Page.java:3956)
at com.qa.AutoloadAI.pages.ExecuteScriptPage.clickReloadButton(ExecuteScriptPage.java:76)
at com.qa.AutoloadAI.tests.ExecuteScriptTest.executeScriptFlow(ExecuteScriptTest.java:35)
at java.base/jdk.internal.reflect.NativeMethodAccessorImpl.invoke0(Native Method)
at java.base/jdk.internal.reflect.NativeMethodAccessorImpl.invoke(NativeMethodAccessorImpl.java:77)
at java.base/jdk.internal.reflect.DelegatingMethodAccessorImpl.invoke(DelegatingMethodAccessorImpl.java:43)
at java.base/java.lang.reflect.Method.invoke(Method.java:568)
at org.testng.internal.MethodInvocationHelper.invokeMethod(MethodInvocationHelper.java:124)
at org.testng.internal.Invoker.invokeMethod(Invoker.java:583)
at org.testng.internal.Invoker.invokeTestMethod(Invoker.java:719)
at org.testng.internal.Invoker.invokeTestMethods(Invoker.java:989)
at org.testng.internal.TestMethodWorker.invokeTestMethods(TestMethodWorker.java:125)
at org.testng.internal.TestMethodWorker.run(TestMethodWorker.java:109)
at org.testng.TestRunner.privateRun(TestRunner.java:648)
at org.testng.TestRunner.run(TestRunner.java:505)
at org.testng.SuiteRunner.runTest(SuiteRunner.java:455)
at org.testng.SuiteRunner.access$000(SuiteRunner.java:40)
at org.testng.SuiteRunner$SuiteWorker.run(SuiteRunner.java:489)
at org.testng.internal.thread.ThreadUtil$1.call(ThreadUtil.java:52)
at java.base/java.util.concurrent.FutureTask.run(FutureTask.java:264)
at java.base/java.util.concurrent.ThreadPoolExecutor.runWorker(ThreadPoolExecutor.java:1136)
at java.base/java.util.concurrent.ThreadPoolExecutor$Worker.run(ThreadPoolExecutor.java:635)
at java.base/java.lang.Thread.run(Thread.java:833)
Caused by: com.microsoft.playwright.impl.TargetClosedError: Error {
  message='Target page, context or browser has been closed
  name='TargetClosedError
  stack='TargetClosedError:Target page, context or browser has been closed
Error
    at captureRawStack (C:\Users\hp\AppData\Local\Temp\playwright-java-8110946866158887564\package\lib\utils\stackTrace.js:49:17)
    at LongStandingScope._race (C:\Users\hp\AppData\Local\Temp\playwright-java-8110946866158887564\package\lib\utils\manualPromise.js:91:52)
    at LongStandingScope.race (C:\Users\hp\AppData\Local\Temp\playwright-java-8110946866158887564\package\lib\utils\manualPromise.js:84:17)
    at C:\Users\hp\AppData\Local\Temp\playwright-java-8110946866158887564\package\lib\utils\manualPromise.js:81:43
    at Array.map (<anonymous>)
    at LongStandingScope.raceMultiple (C:\Users\hp\AppData\Local\Temp\playwright-java-8110946866158887564\package\lib\utils\manualPromise.js:81:32)
    at Frame.retryWithProgressAndTimeouts (C:\Users\hp\AppData\Local\Temp\playwright-java-8110946866158887564\package\lib\server\frames.js:919:40)
    at async C:\Users\hp\AppData\Local\Temp\playwright-java-8110946866158887564\package\lib\server\frames.js:1008:29
    at async ProgressController.run (C:\Users\hp\AppData\Local\Temp\playwright-java-8110946866158887564\package\lib\server\progress.js:82:22)
    at async FrameDispatcher.click (C:\Users\hp\AppData\Local\Temp\playwright-java-8110946866158887564\package\lib\server\dispatchers\frameDispatcher.js:157:12)
    at async LongStandingScope._race (C:\Users\hp\AppData\Local\Temp\playwright-java-8110946866158887564\package\lib\utils\manualPromise.js:96:14)
    at async FrameDispatcher._handleCommand (C:\Users\hp\AppData\Local\Temp\playwright-java-8110946866158887564\package\lib\server\dispatchers\dispatcher.js:96:14)
    at async DispatcherConnection.dispatch (C:\Users\hp\AppData\Local\Temp\playwright-java-8110946866158887564\package\lib\server\dispatchers\dispatcher.js:361:22)
}
Call log:
- waiting for locator("text='reload'")

at com.microsoft.playwright.impl.Connection.dispatch(Connection.java:256)
at com.microsoft.playwright.impl.Connection.processOneMessage(Connection.java:211)
at com.microsoft.playwright.impl.ChannelOwner.runUntil(ChannelOwner.java:118)
... 32 more
]]>
    </failure>
  </testcase> <!-- executeScriptFlow -->
  <testcase classname="com.qa.AutoloadAI.tests.ExecuteScriptTest" name="executeScriptFlow" time="15.756">
    <failure type="com.microsoft.playwright.impl.TargetClosedError" message="Error {
  message=&amp;apos;Target page, context or browser has been closed
  name=&amp;apos;TargetClosedError
  stack=&amp;apos;TargetClosedError: Target page, context or browser has been closed
    at DispatcherConnection.dispatch (C:\Users\hp\AppData\Local\Temp\playwright-java-8110946866158887564\package\lib\server\dispatchers\dispatcher.js:273:44)
    at transport.onmessage (C:\Users\hp\AppData\Local\Temp\playwright-java-8110946866158887564\package\lib\cli\driver.js:52:57)
    at Immediate._onImmediate (C:\Users\hp\AppData\Local\Temp\playwright-java-8110946866158887564\package\lib\protocol\transport.js:77:34)
    at process.processImmediate (node:internal/timers:478:21)
}">
      <![CDATA[com.microsoft.playwright.impl.TargetClosedError: Error {
  message='Target page, context or browser has been closed
  name='TargetClosedError
  stack='TargetClosedError: Target page, context or browser has been closed
    at DispatcherConnection.dispatch (C:\Users\hp\AppData\Local\Temp\playwright-java-8110946866158887564\package\lib\server\dispatchers\dispatcher.js:273:44)
    at transport.onmessage (C:\Users\hp\AppData\Local\Temp\playwright-java-8110946866158887564\package\lib\cli\driver.js:52:57)
    at Immediate._onImmediate (C:\Users\hp\AppData\Local\Temp\playwright-java-8110946866158887564\package\lib\protocol\transport.js:77:34)
    at process.processImmediate (node:internal/timers:478:21)
}
at com.microsoft.playwright.impl.WaitableResult.get(WaitableResult.java:54)
at com.microsoft.playwright.impl.ChannelOwner.runUntil(ChannelOwner.java:120)
at com.microsoft.playwright.impl.Connection.sendMessage(Connection.java:130)
at com.microsoft.playwright.impl.ChannelOwner.sendMessage(ChannelOwner.java:106)
at com.microsoft.playwright.impl.PageImpl.screenshotImpl(PageImpl.java:1190)
at com.microsoft.playwright.impl.PageImpl.lambda$screenshot$66(PageImpl.java:1134)
at com.microsoft.playwright.impl.LoggingSupport.withLogging(LoggingSupport.java:47)
at com.microsoft.playwright.impl.ChannelOwner.withLogging(ChannelOwner.java:89)
at com.microsoft.playwright.impl.PageImpl.screenshot(PageImpl.java:1134)
at com.qa.AutoloadAI.listeners.ScreenshotUtil.takeScreenshot(ScreenshotUtil.java:16)
at com.qa.AutoloadAI.listeners.ExtentReportListener.onTestFailure(ExtentReportListener.java:94)
at org.testng.internal.TestListenerHelper.runTestListeners(TestListenerHelper.java:67)
at org.testng.internal.Invoker.runTestListeners(Invoker.java:1389)
at org.testng.internal.Invoker.invokeMethod(Invoker.java:636)
at org.testng.internal.Invoker.invokeTestMethod(Invoker.java:719)
at org.testng.internal.Invoker.invokeTestMethods(Invoker.java:989)
at org.testng.internal.TestMethodWorker.invokeTestMethods(TestMethodWorker.java:125)
at org.testng.internal.TestMethodWorker.run(TestMethodWorker.java:109)
at org.testng.TestRunner.privateRun(TestRunner.java:648)
at org.testng.TestRunner.run(TestRunner.java:505)
at org.testng.SuiteRunner.runTest(SuiteRunner.java:455)
at org.testng.SuiteRunner.access$000(SuiteRunner.java:40)
at org.testng.SuiteRunner$SuiteWorker.run(SuiteRunner.java:489)
at org.testng.internal.thread.ThreadUtil$1.call(ThreadUtil.java:52)
at java.base/java.util.concurrent.FutureTask.run(FutureTask.java:264)
at java.base/java.util.concurrent.ThreadPoolExecutor.runWorker(ThreadPoolExecutor.java:1136)
at java.base/java.util.concurrent.ThreadPoolExecutor$Worker.run(ThreadPoolExecutor.java:635)
at java.base/java.lang.Thread.run(Thread.java:833)
Caused by: com.microsoft.playwright.impl.TargetClosedError: Error {
  message='Target page, context or browser has been closed
  name='TargetClosedError
  stack='TargetClosedError: Target page, context or browser has been closed
    at DispatcherConnection.dispatch (C:\Users\hp\AppData\Local\Temp\playwright-java-8110946866158887564\package\lib\server\dispatchers\dispatcher.js:273:44)
    at transport.onmessage (C:\Users\hp\AppData\Local\Temp\playwright-java-8110946866158887564\package\lib\cli\driver.js:52:57)
    at Immediate._onImmediate (C:\Users\hp\AppData\Local\Temp\playwright-java-8110946866158887564\package\lib\protocol\transport.js:77:34)
    at process.processImmediate (node:internal/timers:478:21)
}
at com.microsoft.playwright.impl.Connection.dispatch(Connection.java:256)
at com.microsoft.playwright.impl.Connection.processOneMessage(Connection.java:211)
at com.microsoft.playwright.impl.ChannelOwner.runUntil(ChannelOwner.java:118)
... 26 more
]]>
    </failure>
  </testcase> <!-- executeScriptFlow -->
</testsuite> <!-- Autoload AI ScriptExecute Page Test_edge -->
