<?xml version="1.0" encoding="UTF-8"?>
<!-- Generated by org.testng.reporters.JUnitXMLReporter -->
<testsuite ignored="0" hostname="DESKTOP-6LVC8MF" failures="0" tests="3" name="Autoload AI Release Management Test_edge" time="33.917" errors="0" timestamp="30 Jul 2024 15:59:01 GMT">
  <testcase classname="com.qa.AutoloadAI.tests.ReleaseManagementTest" name="loginPageURLForReleaseManagement" time="3.0"/>
  <testcase classname="com.qa.AutoloadAI.tests.ReleaseManagementTest" name="loginActionForReleaseManagement" time="0.279"/>
  <testcase classname="com.qa.AutoloadAI.tests.ReleaseManagementTest" name="ToValidatetheLoadGeneratorPage" time="7.866"/>
</testsuite> <!-- Autoload AI Release Management Test_edge -->
