<?xml version="1.0" encoding="UTF-8"?>
<!-- Generated by org.testng.reporters.JUnitXMLReporter -->
<testsuite ignored="0" hostname="DESKTOP-6LVC8MF" failures="0" tests="2" name="Autoload AI Login Page Test_edge" time="20.427" errors="0" timestamp="21 Jul 2024 15:27:54 GMT">
  <testcase classname="com.qa.AutoloadAI.tests.LoginPageTest" name="loginPageNavigationTest" time="3.532"/>
  <testcase classname="com.qa.AutoloadAI.tests.LoginPageTest" name="appLoginTest" time="0.277"/>
</testsuite> <!-- Autoload AI Login Page Test_edge -->
