<?xml version="1.0" encoding="UTF-8"?>
<!-- Generated by org.testng.reporters.JUnitXMLReporter -->
<testsuite ignored="0" hostname="DESKTOP-6LVC8MF" failures="0" tests="2" name="Autoload AI Login Page Test_edge" time="59.625" errors="0" timestamp="30 Jul 2024 15:58:27 GMT">
  <testcase classname="com.qa.AutoloadAI.tests.LoginPageTest" name="loginPageNavigationTest" time="5.597"/>
  <testcase classname="com.qa.AutoloadAI.tests.LoginPageTest" name="loginActionForLoginFlow" time="4.732"/>
</testsuite> <!-- Autoload AI Login Page Test_edge -->
