<?xml version="1.0" encoding="UTF-8"?>
<!-- Generated by org.testng.reporters.JUnitXMLReporter -->
<testsuite ignored="0" hostname="DESKTOP-6LVC8MF" failures="1" tests="3" name="Autoload AI ScriptExecute Page Test_edge" time="70.937" errors="0" timestamp="30 Jul 2024 14:46:55 GMT">
  <testcase classname="com.qa.AutoloadAI.tests.ExecuteScriptTest" name="loginPageURLForExecuteScript" time="3.18"/>
  <testcase classname="com.qa.AutoloadAI.tests.ExecuteScriptTest" name="loginActionForExecuteScript" time="2.424"/>
  <testcase classname="com.qa.AutoloadAI.tests.ExecuteScriptTest" name="executeScriptFlow" time="36.523">
    <failure type="com.microsoft.playwright.TimeoutError" message="Error {
  message=&amp;apos;Timeout 30000ms exceeded.
  name=&amp;apos;TimeoutError
  stack=&amp;apos;TimeoutError: Timeout 30000ms exceeded.
    at ProgressController.run (C:\Users\hp\AppData\Local\Temp\playwright-java-16039074641286313852\package\lib\server\progress.js:78:26)
    at Frame.click (C:\Users\hp\AppData\Local\Temp\playwright-java-16039074641286313852\package\lib\server\frames.js:1007:23)
    at FrameDispatcher.click (C:\Users\hp\AppData\Local\Temp\playwright-java-16039074641286313852\package\lib\server\dispatchers\frameDispatcher.js:157:30)
    at FrameDispatcher._handleCommand (C:\Users\hp\AppData\Local\Temp\playwright-java-16039074641286313852\package\lib\server\dispatchers\dispatcher.js:94:40)
    at DispatcherConnection.dispatch (C:\Users\hp\AppData\Local\Temp\playwright-java-16039074641286313852\package\lib\server\dispatchers\dispatcher.js:361:39)
}
Call log:
- waiting for locator(&amp;quot;text=&amp;apos;reload&amp;apos;&amp;quot;)
">
      <![CDATA[com.microsoft.playwright.TimeoutError: Error {
  message='Timeout 30000ms exceeded.
  name='TimeoutError
  stack='TimeoutError: Timeout 30000ms exceeded.
    at ProgressController.run (C:\Users\hp\AppData\Local\Temp\playwright-java-16039074641286313852\package\lib\server\progress.js:78:26)
    at Frame.click (C:\Users\hp\AppData\Local\Temp\playwright-java-16039074641286313852\package\lib\server\frames.js:1007:23)
    at FrameDispatcher.click (C:\Users\hp\AppData\Local\Temp\playwright-java-16039074641286313852\package\lib\server\dispatchers\frameDispatcher.js:157:30)
    at FrameDispatcher._handleCommand (C:\Users\hp\AppData\Local\Temp\playwright-java-16039074641286313852\package\lib\server\dispatchers\dispatcher.js:94:40)
    at DispatcherConnection.dispatch (C:\Users\hp\AppData\Local\Temp\playwright-java-16039074641286313852\package\lib\server\dispatchers\dispatcher.js:361:39)
}
Call log:
- waiting for locator("text='reload'")

at com.microsoft.playwright.impl.WaitableResult.get(WaitableResult.java:52)
at com.microsoft.playwright.impl.ChannelOwner.runUntil(ChannelOwner.java:120)
at com.microsoft.playwright.impl.Connection.sendMessage(Connection.java:130)
at com.microsoft.playwright.impl.ChannelOwner.sendMessage(ChannelOwner.java:106)
at com.microsoft.playwright.impl.FrameImpl.clickImpl(FrameImpl.java:252)
at com.microsoft.playwright.impl.PageImpl.lambda$click$18(PageImpl.java:682)
at com.microsoft.playwright.impl.LoggingSupport.lambda$withLogging$0(LoggingSupport.java:36)
at com.microsoft.playwright.impl.LoggingSupport.withLogging(LoggingSupport.java:47)
at com.microsoft.playwright.impl.ChannelOwner.withLogging(ChannelOwner.java:89)
at com.microsoft.playwright.impl.LoggingSupport.withLogging(LoggingSupport.java:35)
at com.microsoft.playwright.impl.PageImpl.click(PageImpl.java:681)
at com.microsoft.playwright.Page.click(Page.java:3956)
at com.qa.AutoloadAI.pages.ExecuteScriptPage.clickReloadButton(ExecuteScriptPage.java:76)
at com.qa.AutoloadAI.tests.ExecuteScriptTest.executeScriptFlow(ExecuteScriptTest.java:35)
at java.base/java.util.concurrent.FutureTask.run(FutureTask.java:264)
at java.base/java.util.concurrent.ThreadPoolExecutor.runWorker(ThreadPoolExecutor.java:1136)
at java.base/java.util.concurrent.ThreadPoolExecutor$Worker.run(ThreadPoolExecutor.java:635)
at java.base/java.lang.Thread.run(Thread.java:833)
Caused by: com.microsoft.playwright.TimeoutError: Error {
  message='Timeout 30000ms exceeded.
  name='TimeoutError
  stack='TimeoutError: Timeout 30000ms exceeded.
    at ProgressController.run (C:\Users\hp\AppData\Local\Temp\playwright-java-16039074641286313852\package\lib\server\progress.js:78:26)
    at Frame.click (C:\Users\hp\AppData\Local\Temp\playwright-java-16039074641286313852\package\lib\server\frames.js:1007:23)
    at FrameDispatcher.click (C:\Users\hp\AppData\Local\Temp\playwright-java-16039074641286313852\package\lib\server\dispatchers\frameDispatcher.js:157:30)
    at FrameDispatcher._handleCommand (C:\Users\hp\AppData\Local\Temp\playwright-java-16039074641286313852\package\lib\server\dispatchers\dispatcher.js:94:40)
    at DispatcherConnection.dispatch (C:\Users\hp\AppData\Local\Temp\playwright-java-16039074641286313852\package\lib\server\dispatchers\dispatcher.js:361:39)
}
Call log:
- waiting for locator("text='reload'")

at com.microsoft.playwright.impl.Connection.dispatch(Connection.java:254)
at com.microsoft.playwright.impl.Connection.processOneMessage(Connection.java:211)
at com.microsoft.playwright.impl.ChannelOwner.runUntil(ChannelOwner.java:118)
... 32 more
... Removed 16 stack frames]]>
    </failure>
  </testcase> <!-- executeScriptFlow -->
</testsuite> <!-- Autoload AI ScriptExecute Page Test_edge -->
