<?xml version="1.0" encoding="UTF-8"?>
<!-- Generated by org.testng.reporters.JUnitXMLReporter -->
<testsuite ignored="0" hostname="DESKTOP-6LVC8MF" failures="1" tests="3" name="Autoload AI Delete Script Test_edge" time="40.561" errors="0" timestamp="30 Jul 2024 14:46:24 GMT">
  <testcase classname="com.qa.AutoloadAI.tests.DeleteScriptTest" name="loginPageURLForDeleteScript" time="1.723"/>
  <testcase classname="com.qa.AutoloadAI.tests.DeleteScriptTest" name="loginActionForDeleteScript" time="4.654"/>
  <testcase classname="com.qa.AutoloadAI.tests.DeleteScriptTest" name="loginActionForDeleteScript" time="4.711">
    <failure type="com.microsoft.playwright.impl.TargetClosedError" message="Error {
  message=&amp;apos;Target page, context or browser has been closed
  name=&amp;apos;TargetClosedError
  stack=&amp;apos;TargetClosedError: Target page, context or browser has been closed
    at DispatcherConnection.dispatch (C:\Users\hp\AppData\Local\Temp\playwright-java-16039074641286313852\package\lib\server\dispatchers\dispatcher.js:273:44)
    at transport.onmessage (C:\Users\hp\AppData\Local\Temp\playwright-java-16039074641286313852\package\lib\cli\driver.js:52:57)
    at Immediate._onImmediate (C:\Users\hp\AppData\Local\Temp\playwright-java-16039074641286313852\package\lib\protocol\transport.js:77:34)
    at process.processImmediate (node:internal/timers:478:21)
}">
      <![CDATA[com.microsoft.playwright.impl.TargetClosedError: Error {
  message='Target page, context or browser has been closed
  name='TargetClosedError
  stack='TargetClosedError: Target page, context or browser has been closed
    at DispatcherConnection.dispatch (C:\Users\hp\AppData\Local\Temp\playwright-java-16039074641286313852\package\lib\server\dispatchers\dispatcher.js:273:44)
    at transport.onmessage (C:\Users\hp\AppData\Local\Temp\playwright-java-16039074641286313852\package\lib\cli\driver.js:52:57)
    at Immediate._onImmediate (C:\Users\hp\AppData\Local\Temp\playwright-java-16039074641286313852\package\lib\protocol\transport.js:77:34)
    at process.processImmediate (node:internal/timers:478:21)
}
at com.microsoft.playwright.impl.WaitableResult.get(WaitableResult.java:54)
at com.microsoft.playwright.impl.ChannelOwner.runUntil(ChannelOwner.java:120)
at com.microsoft.playwright.impl.Connection.sendMessage(Connection.java:130)
at com.microsoft.playwright.impl.ChannelOwner.sendMessage(ChannelOwner.java:106)
at com.microsoft.playwright.impl.PageImpl.screenshotImpl(PageImpl.java:1190)
at com.microsoft.playwright.impl.PageImpl.lambda$screenshot$66(PageImpl.java:1134)
at com.microsoft.playwright.impl.LoggingSupport.withLogging(LoggingSupport.java:47)
at com.microsoft.playwright.impl.ChannelOwner.withLogging(ChannelOwner.java:89)
at com.microsoft.playwright.impl.PageImpl.screenshot(PageImpl.java:1134)
at com.qa.AutoloadAI.listeners.ScreenshotUtil.takeScreenshot(ScreenshotUtil.java:16)
at com.qa.AutoloadAI.listeners.ExtentReportListener.onTestSuccess(ExtentReportListener.java:83)
at java.base/java.util.concurrent.FutureTask.run(FutureTask.java:264)
at java.base/java.util.concurrent.ThreadPoolExecutor.runWorker(ThreadPoolExecutor.java:1136)
at java.base/java.util.concurrent.ThreadPoolExecutor$Worker.run(ThreadPoolExecutor.java:635)
at java.base/java.lang.Thread.run(Thread.java:833)
Caused by: com.microsoft.playwright.impl.TargetClosedError: Error {
  message='Target page, context or browser has been closed
  name='TargetClosedError
  stack='TargetClosedError: Target page, context or browser has been closed
    at DispatcherConnection.dispatch (C:\Users\hp\AppData\Local\Temp\playwright-java-16039074641286313852\package\lib\server\dispatchers\dispatcher.js:273:44)
    at transport.onmessage (C:\Users\hp\AppData\Local\Temp\playwright-java-16039074641286313852\package\lib\cli\driver.js:52:57)
    at Immediate._onImmediate (C:\Users\hp\AppData\Local\Temp\playwright-java-16039074641286313852\package\lib\protocol\transport.js:77:34)
    at process.processImmediate (node:internal/timers:478:21)
}
at com.microsoft.playwright.impl.Connection.dispatch(Connection.java:256)
at com.microsoft.playwright.impl.Connection.processOneMessage(Connection.java:211)
at com.microsoft.playwright.impl.ChannelOwner.runUntil(ChannelOwner.java:118)
at com.microsoft.playwright.impl.Connection.sendMessage(Connection.java:130)
at com.microsoft.playwright.impl.ChannelOwner.sendMessage(ChannelOwner.java:106)
at com.microsoft.playwright.impl.ChannelOwner.sendMessage(ChannelOwner.java:101)
at com.microsoft.playwright.impl.BrowserImpl.closeImpl(BrowserImpl.java:89)
at com.microsoft.playwright.impl.BrowserImpl.lambda$close$0(BrowserImpl.java:72)
at com.microsoft.playwright.impl.LoggingSupport.lambda$withLogging$0(LoggingSupport.java:36)
at com.microsoft.playwright.impl.LoggingSupport.withLogging(LoggingSupport.java:47)
at com.microsoft.playwright.impl.ChannelOwner.withLogging(ChannelOwner.java:89)
at com.microsoft.playwright.impl.LoggingSupport.withLogging(LoggingSupport.java:35)
at com.microsoft.playwright.impl.BrowserImpl.close(BrowserImpl.java:72)
at com.microsoft.playwright.Browser.close(Browser.java:1192)
at com.qa.AutoloadAI.base.BaseTest.tearDown(BaseTest.java:69)
... 8 more
... Removed 24 stack frames]]>
    </failure>
  </testcase> <!-- loginActionForDeleteScript -->
</testsuite> <!-- Autoload AI Delete Script Test_edge -->
