<?xml version="1.0" encoding="UTF-8"?>
<!-- Generated by org.testng.reporters.JUnitXMLReporter -->
<testsuite ignored="0" hostname="DESKTOP-6LVC8MF" failures="1" tests="3" name="Autoload AI Report Page Test_edge" time="69.717" errors="0" timestamp="30 Jul 2024 14:46:53 GMT">
  <testcase classname="com.qa.AutoloadAI.tests.ReportPageTest" name="loginPageURLForReport" time="5.244"/>
  <testcase classname="com.qa.AutoloadAI.tests.ReportPageTest" name="loginActionForReportPage" time="2.135"/>
  <testcase classname="com.qa.AutoloadAI.tests.ReportPageTest" name="reportScriptFlow" time="35.962">
    <failure type="com.microsoft.playwright.TimeoutError" message="Error {
  message=&amp;apos;Timeout 30000ms exceeded.
  name=&amp;apos;TimeoutError
  stack=&amp;apos;TimeoutError: Timeout 30000ms exceeded.
    at ProgressController.run (C:\Users\hp\AppData\Local\Temp\playwright-java-16039074641286313852\package\lib\server\progress.js:78:26)
    at Frame.click (C:\Users\hp\AppData\Local\Temp\playwright-java-16039074641286313852\package\lib\server\frames.js:1007:23)
    at FrameDispatcher.click (C:\Users\hp\AppData\Local\Temp\playwright-java-16039074641286313852\package\lib\server\dispatchers\frameDispatcher.js:157:30)
    at FrameDispatcher._handleCommand (C:\Users\hp\AppData\Local\Temp\playwright-java-16039074641286313852\package\lib\server\dispatchers\dispatcher.js:94:40)
    at DispatcherConnection.dispatch (C:\Users\hp\AppData\Local\Temp\playwright-java-16039074641286313852\package\lib\server\dispatchers\dispatcher.js:361:39)
}
Call log:
- waiting for locator(&amp;quot;//input[@id=&amp;apos;rc_select_1&amp;apos;]&amp;quot;)
-   locator resolved to &amp;lt;input value=&amp;quot;&amp;quot; type=&amp;quot;search&amp;quot; role=&amp;quot;combobox&amp;quot; id=&amp;quot;rc_select_1&amp;quot; autocomplete=&amp;quot;off&amp;quot; aria-expanded=&amp;quot;false&amp;quot; aria-haspopup=&amp;quot;listbox&amp;quot; aria-autocomplete=&amp;quot;list&amp;quot; aria-owns=&amp;quot;rc_select_1_list&amp;quot; aria-controls=&amp;quot;rc_select_1_list&amp;quot; class=&amp;quot;ant-select-selection-search-input&amp;quot;/&amp;gt;
- attempting click action
-   waiting for element to be visible, enabled and stable
-   element is visible, enabled and stable
-   scrolling into view if needed
-   done scrolling
-   &amp;lt;span title=&amp;quot;AUTOLOAD_QA&amp;quot; class=&amp;quot;ant-select-selection-item&amp;quot;&amp;gt;AUTOLOAD_QA&amp;lt;/span&amp;gt; intercepts pointer events
- retrying click action, attempt #1
-   waiting for element to be visible, enabled and stable
-   element is visible, enabled and stable
-   scrolling into view if needed
-   done scrolling
-   &amp;lt;span title=&amp;quot;AUTOLOAD_QA&amp;quot; class=&amp;quot;ant-select-selection-item&amp;quot;&amp;gt;AUTOLOAD_QA&amp;lt;/span&amp;gt; intercepts pointer events
- retrying click action, attempt #2
-   waiting 20ms
-   waiting for element to be visible, enabled and stable
-   element is visible, enabled and stable
-   scrolling into view if needed
-   done scrolling
-   &amp;lt;span title=&amp;quot;AUTOLOAD_QA&amp;quot; class=&amp;quot;ant-select-selection-item&amp;quot;&amp;gt;AUTOLOAD_QA&amp;lt;/span&amp;gt; intercepts pointer events
- retrying click action, attempt #3
-   waiting 100ms
-   waiting for element to be visible, enabled and stable
-   element is visible, enabled and stable
-   scrolling into view if needed
-   done scrolling
-   &amp;lt;span title=&amp;quot;AUTOLOAD_QA&amp;quot; class=&amp;quot;ant-select-selection-item&amp;quot;&amp;gt;AUTOLOAD_QA&amp;lt;/span&amp;gt; intercepts pointer events
- retrying click action, attempt #4
-   waiting 100ms
-   waiting for element to be visible, enabled and stable
-   element is visible, enabled and stable
-   scrolling into view if needed
-   done scrolling
-   &amp;lt;span title=&amp;quot;AUTOLOAD_QA&amp;quot; class=&amp;quot;ant-select-selection-item&amp;quot;&amp;gt;AUTOLOAD_QA&amp;lt;/span&amp;gt; intercepts pointer events
- retrying click action, attempt #5
-   waiting 500ms
-   waiting for element to be visible, enabled and stable
-   element is visible, enabled and stable
-   scrolling into view if needed
-   done scrolling
-   &amp;lt;span title=&amp;quot;AUTOLOAD_QA&amp;quot; class=&amp;quot;ant-select-selection-item&amp;quot;&amp;gt;AUTOLOAD_QA&amp;lt;/span&amp;gt; intercepts pointer events
- retrying click action, attempt #6
-   waiting 500ms
-   waiting for element to be visible, enabled and stable
-   element is visible, enabled and stable
-   scrolling into view if needed
-   done scrolling
-   &amp;lt;span title=&amp;quot;AUTOLOAD_QA&amp;quot; class=&amp;quot;ant-select-selection-item&amp;quot;&amp;gt;AUTOLOAD_QA&amp;lt;/span&amp;gt; intercepts pointer events
- retrying click action, attempt #7
-   waiting 500ms
-   waiting for element to be visible, enabled and stable
-   element is visible, enabled and stable
-   scrolling into view if needed
-   done scrolling
-   &amp;lt;span title=&amp;quot;AUTOLOAD_QA&amp;quot; class=&amp;quot;ant-select-selection-item&amp;quot;&amp;gt;AUTOLOAD_QA&amp;lt;/span&amp;gt; intercepts pointer events
- retrying click action, attempt #8
-   waiting 500ms
-   waiting for element to be visible, enabled and stable
-   element is visible, enabled and stable
-   scrolling into view if needed
-   done scrolling
-   &amp;lt;span title=&amp;quot;AUTOLOAD_QA&amp;quot; class=&amp;quot;ant-select-selection-item&amp;quot;&amp;gt;AUTOLOAD_QA&amp;lt;/span&amp;gt; intercepts pointer events
- retrying click action, attempt #9
-   waiting 500ms
-   waiting for element to be visible, enabled and stable
-   element is visible, enabled and stable
-   scrolling into view if needed
-   done scrolling
-   &amp;lt;span title=&amp;quot;AUTOLOAD_QA&amp;quot; class=&amp;quot;ant-select-selection-item&amp;quot;&amp;gt;AUTOLOAD_QA&amp;lt;/span&amp;gt; intercepts pointer events
- retrying click action, attempt #10
-   waiting 500ms
-   waiting for element to be visible, enabled and stable
-   element is visible, enabled and stable
-   scrolling into view if needed
-   done scrolling
-   &amp;lt;span title=&amp;quot;AUTOLOAD_QA&amp;quot; class=&amp;quot;ant-select-selection-item&amp;quot;&amp;gt;AUTOLOAD_QA&amp;lt;/span&amp;gt; intercepts pointer events
- retrying click action, attempt #11
-   waiting 500ms
-   waiting for element to be visible, enabled and stable
-   element is visible, enabled and stable
-   scrolling into view if needed
-   done scrolling
-   &amp;lt;span title=&amp;quot;AUTOLOAD_QA&amp;quot; class=&amp;quot;ant-select-selection-item&amp;quot;&amp;gt;AUTOLOAD_QA&amp;lt;/span&amp;gt; intercepts pointer events
- retrying click action, attempt #12
-   waiting 500ms
-   waiting for element to be visible, enabled and stable
-   element is visible, enabled and stable
-   scrolling into view if needed
-   done scrolling
-   &amp;lt;span title=&amp;quot;AUTOLOAD_QA&amp;quot; class=&amp;quot;ant-select-selection-item&amp;quot;&amp;gt;AUTOLOAD_QA&amp;lt;/span&amp;gt; intercepts pointer events
- retrying click action, attempt #13
-   waiting 500ms
-   waiting for element to be visible, enabled and stable
-   element is visible, enabled and stable
-   scrolling into view if needed
-   done scrolling
-   &amp;lt;span title=&amp;quot;AUTOLOAD_QA&amp;quot; class=&amp;quot;ant-select-selection-item&amp;quot;&amp;gt;AUTOLOAD_QA&amp;lt;/span&amp;gt; intercepts pointer events
- retrying click action, attempt #14
-   waiting 500ms
-   waiting for element to be visible, enabled and stable
-   element is visible, enabled and stable
-   scrolling into view if needed
-   done scrolling
-   &amp;lt;span title=&amp;quot;AUTOLOAD_QA&amp;quot; class=&amp;quot;ant-select-selection-item&amp;quot;&amp;gt;AUTOLOAD_QA&amp;lt;/span&amp;gt; intercepts pointer events
- retrying click action, attempt #15
-   waiting 500ms
-   waiting for element to be visible, enabled and stable
-   element is visible, enabled and stable
-   scrolling into view if needed
-   done scrolling
-   &amp;lt;span title=&amp;quot;AUTOLOAD_QA&amp;quot; class=&amp;quot;ant-select-selection-item&amp;quot;&amp;gt;AUTOLOAD_QA&amp;lt;/span&amp;gt; intercepts pointer events
- retrying click action, attempt #16
-   waiting 500ms
-   waiting for element to be visible, enabled and stable
-   element is visible, enabled and stable
-   scrolling into view if needed
-   done scrolling
-   &amp;lt;span title=&amp;quot;AUTOLOAD_QA&amp;quot; class=&amp;quot;ant-select-selection-item&amp;quot;&amp;gt;AUTOLOAD_QA&amp;lt;/span&amp;gt; intercepts pointer events
- retrying click action, attempt #17
-   waiting 500ms
-   waiting for element to be visible, enabled and stable
-   element is visible, enabled and stable
-   scrolling into view if needed
-   done scrolling
-   &amp;lt;span title=&amp;quot;AUTOLOAD_QA&amp;quot; class=&amp;quot;ant-select-selection-item&amp;quot;&amp;gt;AUTOLOAD_QA&amp;lt;/span&amp;gt; intercepts pointer events
- retrying click action, attempt #18
-   waiting 500ms
-   waiting for element to be visible, enabled and stable
-   element is visible, enabled and stable
-   scrolling into view if needed
-   done scrolling
-   &amp;lt;span title=&amp;quot;AUTOLOAD_QA&amp;quot; class=&amp;quot;ant-select-selection-item&amp;quot;&amp;gt;AUTOLOAD_QA&amp;lt;/span&amp;gt; intercepts pointer events
- retrying click action, attempt #19
-   waiting 500ms
-   waiting for element to be visible, enabled and stable
-   element is visible, enabled and stable
-   scrolling into view if needed
-   done scrolling
-   &amp;lt;span title=&amp;quot;AUTOLOAD_QA&amp;quot; class=&amp;quot;ant-select-selection-item&amp;quot;&amp;gt;AUTOLOAD_QA&amp;lt;/span&amp;gt; intercepts pointer events
- retrying click action, attempt #20
-   waiting 500ms
-   waiting for element to be visible, enabled and stable
-   element is visible, enabled and stable
-   scrolling into view if needed
-   done scrolling
-   &amp;lt;span title=&amp;quot;AUTOLOAD_QA&amp;quot; class=&amp;quot;ant-select-selection-item&amp;quot;&amp;gt;AUTOLOAD_QA&amp;lt;/span&amp;gt; intercepts pointer events
- retrying click action, attempt #21
-   waiting 500ms
-   waiting for element to be visible, enabled and stable
-   element is visible, enabled and stable
-   scrolling into view if needed
-   done scrolling
-   &amp;lt;span title=&amp;quot;AUTOLOAD_QA&amp;quot; class=&amp;quot;ant-select-selection-item&amp;quot;&amp;gt;AUTOLOAD_QA&amp;lt;/span&amp;gt; intercepts pointer events
- retrying click action, attempt #22
-   waiting 500ms
-   waiting for element to be visible, enabled and stable
-   element is visible, enabled and stable
-   scrolling into view if needed
-   done scrolling
-   &amp;lt;span title=&amp;quot;AUTOLOAD_QA&amp;quot; class=&amp;quot;ant-select-selection-item&amp;quot;&amp;gt;AUTOLOAD_QA&amp;lt;/span&amp;gt; intercepts pointer events
- retrying click action, attempt #23
-   waiting 500ms
-   waiting for element to be visible, enabled and stable
-   element is visible, enabled and stable
-   scrolling into view if needed
-   done scrolling
-   &amp;lt;span title=&amp;quot;AUTOLOAD_QA&amp;quot; class=&amp;quot;ant-select-selection-item&amp;quot;&amp;gt;AUTOLOAD_QA&amp;lt;/span&amp;gt; intercepts pointer events
- retrying click action, attempt #24
-   waiting 500ms
-   waiting for element to be visible, enabled and stable
-   element is visible, enabled and stable
-   scrolling into view if needed
-   done scrolling
-   &amp;lt;span title=&amp;quot;AUTOLOAD_QA&amp;quot; class=&amp;quot;ant-select-selection-item&amp;quot;&amp;gt;AUTOLOAD_QA&amp;lt;/span&amp;gt; intercepts pointer events
- retrying click action, attempt #25
-   waiting 500ms
-   waiting for element to be visible, enabled and stable
-   element is visible, enabled and stable
-   scrolling into view if needed
-   done scrolling
-   &amp;lt;span title=&amp;quot;AUTOLOAD_QA&amp;quot; class=&amp;quot;ant-select-selection-item&amp;quot;&amp;gt;AUTOLOAD_QA&amp;lt;/span&amp;gt; intercepts pointer events
- retrying click action, attempt #26
-   waiting 500ms
-   waiting for element to be visible, enabled and stable
-   element is visible, enabled and stable
-   scrolling into view if needed
-   done scrolling
-   &amp;lt;span title=&amp;quot;AUTOLOAD_QA&amp;quot; class=&amp;quot;ant-select-selection-item&amp;quot;&amp;gt;AUTOLOAD_QA&amp;lt;/span&amp;gt; intercepts pointer events
- retrying click action, attempt #27
-   waiting 500ms
-   waiting for element to be visible, enabled and stable
-   element is visible, enabled and stable
-   scrolling into view if needed
-   done scrolling
-   &amp;lt;span title=&amp;quot;AUTOLOAD_QA&amp;quot; class=&amp;quot;ant-select-selection-item&amp;quot;&amp;gt;AUTOLOAD_QA&amp;lt;/span&amp;gt; intercepts pointer events
- retrying click action, attempt #28
-   waiting 500ms
-   waiting for element to be visible, enabled and stable
-   element is visible, enabled and stable
-   scrolling into view if needed
-   done scrolling
-   &amp;lt;span title=&amp;quot;AUTOLOAD_QA&amp;quot; class=&amp;quot;ant-select-selection-item&amp;quot;&amp;gt;AUTOLOAD_QA&amp;lt;/span&amp;gt; intercepts pointer events
- retrying click action, attempt #29
-   waiting 500ms
-   waiting for element to be visible, enabled and stable
-   element is visible, enabled and stable
-   scrolling into view if needed
-   done scrolling
-   &amp;lt;span title=&amp;quot;AUTOLOAD_QA&amp;quot; class=&amp;quot;ant-select-selection-item&amp;quot;&amp;gt;AUTOLOAD_QA&amp;lt;/span&amp;gt; intercepts pointer events
- retrying click action, attempt #30
-   waiting 500ms
-   waiting for element to be visible, enabled and stable
-   element is visible, enabled and stable
-   scrolling into view if needed
-   done scrolling
-   &amp;lt;span title=&amp;quot;AUTOLOAD_QA&amp;quot; class=&amp;quot;ant-select-selection-item&amp;quot;&amp;gt;AUTOLOAD_QA&amp;lt;/span&amp;gt; intercepts pointer events
- retrying click action, attempt #31
-   waiting 500ms
-   waiting for element to be visible, enabled and stable
-   element is visible, enabled and stable
-   scrolling into view if needed
-   done scrolling
-   &amp;lt;span title=&amp;quot;AUTOLOAD_QA&amp;quot; class=&amp;quot;ant-select-selection-item&amp;quot;&amp;gt;AUTOLOAD_QA&amp;lt;/span&amp;gt; intercepts pointer events
- retrying click action, attempt #32
-   waiting 500ms
-   waiting for element to be visible, enabled and stable
-   element is visible, enabled and stable
-   scrolling into view if needed
-   done scrolling
-   &amp;lt;span title=&amp;quot;AUTOLOAD_QA&amp;quot; class=&amp;quot;ant-select-selection-item&amp;quot;&amp;gt;AUTOLOAD_QA&amp;lt;/span&amp;gt; intercepts pointer events
- retrying click action, attempt #33
-   waiting 500ms
-   waiting for element to be visible, enabled and stable
-   element is visible, enabled and stable
-   scrolling into view if needed
-   done scrolling
-   &amp;lt;span title=&amp;quot;AUTOLOAD_QA&amp;quot; class=&amp;quot;ant-select-selection-item&amp;quot;&amp;gt;AUTOLOAD_QA&amp;lt;/span&amp;gt; intercepts pointer events
- retrying click action, attempt #34
-   waiting 500ms
-   waiting for element to be visible, enabled and stable
-   element is visible, enabled and stable
-   scrolling into view if needed
-   done scrolling
-   &amp;lt;span title=&amp;quot;AUTOLOAD_QA&amp;quot; class=&amp;quot;ant-select-selection-item&amp;quot;&amp;gt;AUTOLOAD_QA&amp;lt;/span&amp;gt; intercepts pointer events
- retrying click action, attempt #35
-   waiting 500ms
-   waiting for element to be visible, enabled and stable
-   element is visible, enabled and stable
-   scrolling into view if needed
-   done scrolling
-   &amp;lt;span title=&amp;quot;AUTOLOAD_QA&amp;quot; class=&amp;quot;ant-select-selection-item&amp;quot;&amp;gt;AUTOLOAD_QA&amp;lt;/span&amp;gt; intercepts pointer events
- retrying click action, attempt #36
-   waiting 500ms
-   waiting for element to be visible, enabled and stable
-   element is visible, enabled and stable
-   scrolling into view if needed
-   done scrolling
-   &amp;lt;span title=&amp;quot;AUTOLOAD_QA&amp;quot; class=&amp;quot;ant-select-selection-item&amp;quot;&amp;gt;AUTOLOAD_QA&amp;lt;/span&amp;gt; intercepts pointer events
- retrying click action, attempt #37
-   waiting 500ms
-   waiting for element to be visible, enabled and stable
-   element is visible, enabled and stable
-   scrolling into view if needed
-   done scrolling
-   &amp;lt;span title=&amp;quot;AUTOLOAD_QA&amp;quot; class=&amp;quot;ant-select-selection-item&amp;quot;&amp;gt;AUTOLOAD_QA&amp;lt;/span&amp;gt; intercepts pointer events
- retrying click action, attempt #38
-   waiting 500ms
-   waiting for element to be visible, enabled and stable
-   element is visible, enabled and stable
-   scrolling into view if needed
-   done scrolling
-   &amp;lt;span title=&amp;quot;AUTOLOAD_QA&amp;quot; class=&amp;quot;ant-select-selection-item&amp;quot;&amp;gt;AUTOLOAD_QA&amp;lt;/span&amp;gt; intercepts pointer events
- retrying click action, attempt #39
-   waiting 500ms
-   waiting for element to be visible, enabled and stable
-   element is visible, enabled and stable
-   scrolling into view if needed
-   done scrolling
-   &amp;lt;span title=&amp;quot;AUTOLOAD_QA&amp;quot; class=&amp;quot;ant-select-selection-item&amp;quot;&amp;gt;AUTOLOAD_QA&amp;lt;/span&amp;gt; intercepts pointer events
- retrying click action, attempt #40
-   waiting 500ms
-   waiting for element to be visible, enabled and stable
-   element is visible, enabled and stable
-   scrolling into view if needed
-   done scrolling
-   &amp;lt;span title=&amp;quot;AUTOLOAD_QA&amp;quot; class=&amp;quot;ant-select-selection-item&amp;quot;&amp;gt;AUTOLOAD_QA&amp;lt;/span&amp;gt; intercepts pointer events
- retrying click action, attempt #41
-   waiting 500ms
-   waiting for element to be visible, enabled and stable
-   element is visible, enabled and stable
-   scrolling into view if needed
-   done scrolling
-   &amp;lt;span title=&amp;quot;AUTOLOAD_QA&amp;quot; class=&amp;quot;ant-select-selection-item&amp;quot;&amp;gt;AUTOLOAD_QA&amp;lt;/span&amp;gt; intercepts pointer events
- retrying click action, attempt #42
-   waiting 500ms
-   waiting for element to be visible, enabled and stable
-   element is visible, enabled and stable
-   scrolling into view if needed
-   done scrolling
-   &amp;lt;span title=&amp;quot;AUTOLOAD_QA&amp;quot; class=&amp;quot;ant-select-selection-item&amp;quot;&amp;gt;AUTOLOAD_QA&amp;lt;/span&amp;gt; intercepts pointer events
- retrying click action, attempt #43
-   waiting 500ms
-   waiting for element to be visible, enabled and stable
-   element is visible, enabled and stable
-   scrolling into view if needed
-   done scrolling
-   &amp;lt;span title=&amp;quot;AUTOLOAD_QA&amp;quot; class=&amp;quot;ant-select-selection-item&amp;quot;&amp;gt;AUTOLOAD_QA&amp;lt;/span&amp;gt; intercepts pointer events
- retrying click action, attempt #44
-   waiting 500ms
-   waiting for element to be visible, enabled and stable
-   element is visible, enabled and stable
-   scrolling into view if needed
-   done scrolling
-   &amp;lt;span title=&amp;quot;AUTOLOAD_QA&amp;quot; class=&amp;quot;ant-select-selection-item&amp;quot;&amp;gt;AUTOLOAD_QA&amp;lt;/span&amp;gt; intercepts pointer events
- retrying click action, attempt #45
-   waiting 500ms
-   waiting for element to be visible, enabled and stable
-   element is visible, enabled and stable
-   scrolling into view if needed
-   done scrolling
-   &amp;lt;span title=&amp;quot;AUTOLOAD_QA&amp;quot; class=&amp;quot;ant-select-selection-item&amp;quot;&amp;gt;AUTOLOAD_QA&amp;lt;/span&amp;gt; intercepts pointer events
- retrying click action, attempt #46
-   waiting 500ms
-   waiting for element to be visible, enabled and stable
-   element is visible, enabled and stable
-   scrolling into view if needed
-   done scrolling
-   &amp;lt;span title=&amp;quot;AUTOLOAD_QA&amp;quot; class=&amp;quot;ant-select-selection-item&amp;quot;&amp;gt;AUTOLOAD_QA&amp;lt;/span&amp;gt; intercepts pointer events
- retrying click action, attempt #47
-   waiting 500ms
-   waiting for element to be visible, enabled and stable
-   element is visible, enabled and stable
-   scrolling into view if needed
-   done scrolling
-   &amp;lt;span title=&amp;quot;AUTOLOAD_QA&amp;quot; class=&amp;quot;ant-select-selection-item&amp;quot;&amp;gt;AUTOLOAD_QA&amp;lt;/span&amp;gt; intercepts pointer events
- retrying click action, attempt #48
-   waiting 500ms
-   waiting for element to be visible, enabled and stable
-   element is visible, enabled and stable
-   scrolling into view if needed
-   done scrolling
-   &amp;lt;span title=&amp;quot;AUTOLOAD_QA&amp;quot; class=&amp;quot;ant-select-selection-item&amp;quot;&amp;gt;AUTOLOAD_QA&amp;lt;/span&amp;gt; intercepts pointer events
- retrying click action, attempt #49
-   waiting 500ms
-   waiting for element to be visible, enabled and stable
-   element is visible, enabled and stable
-   scrolling into view if needed
-   done scrolling
-   &amp;lt;span title=&amp;quot;AUTOLOAD_QA&amp;quot; class=&amp;quot;ant-select-selection-item&amp;quot;&amp;gt;AUTOLOAD_QA&amp;lt;/span&amp;gt; intercepts pointer events
- retrying click action, attempt #50
-   waiting 500ms
-   waiting for element to be visible, enabled and stable
-   element is visible, enabled and stable
-   scrolling into view if needed
-   done scrolling
-   &amp;lt;span title=&amp;quot;AUTOLOAD_QA&amp;quot; class=&amp;quot;ant-select-selection-item&amp;quot;&amp;gt;AUTOLOAD_QA&amp;lt;/span&amp;gt; intercepts pointer events
- retrying click action, attempt #51
-   waiting 500ms
">
      <![CDATA[com.microsoft.playwright.TimeoutError: Error {
  message='Timeout 30000ms exceeded.
  name='TimeoutError
  stack='TimeoutError: Timeout 30000ms exceeded.
    at ProgressController.run (C:\Users\hp\AppData\Local\Temp\playwright-java-16039074641286313852\package\lib\server\progress.js:78:26)
    at Frame.click (C:\Users\hp\AppData\Local\Temp\playwright-java-16039074641286313852\package\lib\server\frames.js:1007:23)
    at FrameDispatcher.click (C:\Users\hp\AppData\Local\Temp\playwright-java-16039074641286313852\package\lib\server\dispatchers\frameDispatcher.js:157:30)
    at FrameDispatcher._handleCommand (C:\Users\hp\AppData\Local\Temp\playwright-java-16039074641286313852\package\lib\server\dispatchers\dispatcher.js:94:40)
    at DispatcherConnection.dispatch (C:\Users\hp\AppData\Local\Temp\playwright-java-16039074641286313852\package\lib\server\dispatchers\dispatcher.js:361:39)
}
Call log:
- waiting for locator("//input[@id='rc_select_1']")
-   locator resolved to <input value="" type="search" role="combobox" id="rc_select_1" autocomplete="off" aria-expanded="false" aria-haspopup="listbox" aria-autocomplete="list" aria-owns="rc_select_1_list" aria-controls="rc_select_1_list" class="ant-select-selection-search-input"/>
- attempting click action
-   waiting for element to be visible, enabled and stable
-   element is visible, enabled and stable
-   scrolling into view if needed
-   done scrolling
-   <span title="AUTOLOAD_QA" class="ant-select-selection-item">AUTOLOAD_QA</span> intercepts pointer events
- retrying click action, attempt #1
-   waiting for element to be visible, enabled and stable
-   element is visible, enabled and stable
-   scrolling into view if needed
-   done scrolling
-   <span title="AUTOLOAD_QA" class="ant-select-selection-item">AUTOLOAD_QA</span> intercepts pointer events
- retrying click action, attempt #2
-   waiting 20ms
-   waiting for element to be visible, enabled and stable
-   element is visible, enabled and stable
-   scrolling into view if needed
-   done scrolling
-   <span title="AUTOLOAD_QA" class="ant-select-selection-item">AUTOLOAD_QA</span> intercepts pointer events
- retrying click action, attempt #3
-   waiting 100ms
-   waiting for element to be visible, enabled and stable
-   element is visible, enabled and stable
-   scrolling into view if needed
-   done scrolling
-   <span title="AUTOLOAD_QA" class="ant-select-selection-item">AUTOLOAD_QA</span> intercepts pointer events
- retrying click action, attempt #4
-   waiting 100ms
-   waiting for element to be visible, enabled and stable
-   element is visible, enabled and stable
-   scrolling into view if needed
-   done scrolling
-   <span title="AUTOLOAD_QA" class="ant-select-selection-item">AUTOLOAD_QA</span> intercepts pointer events
- retrying click action, attempt #5
-   waiting 500ms
-   waiting for element to be visible, enabled and stable
-   element is visible, enabled and stable
-   scrolling into view if needed
-   done scrolling
-   <span title="AUTOLOAD_QA" class="ant-select-selection-item">AUTOLOAD_QA</span> intercepts pointer events
- retrying click action, attempt #6
-   waiting 500ms
-   waiting for element to be visible, enabled and stable
-   element is visible, enabled and stable
-   scrolling into view if needed
-   done scrolling
-   <span title="AUTOLOAD_QA" class="ant-select-selection-item">AUTOLOAD_QA</span> intercepts pointer events
- retrying click action, attempt #7
-   waiting 500ms
-   waiting for element to be visible, enabled and stable
-   element is visible, enabled and stable
-   scrolling into view if needed
-   done scrolling
-   <span title="AUTOLOAD_QA" class="ant-select-selection-item">AUTOLOAD_QA</span> intercepts pointer events
- retrying click action, attempt #8
-   waiting 500ms
-   waiting for element to be visible, enabled and stable
-   element is visible, enabled and stable
-   scrolling into view if needed
-   done scrolling
-   <span title="AUTOLOAD_QA" class="ant-select-selection-item">AUTOLOAD_QA</span> intercepts pointer events
- retrying click action, attempt #9
-   waiting 500ms
-   waiting for element to be visible, enabled and stable
-   element is visible, enabled and stable
-   scrolling into view if needed
-   done scrolling
-   <span title="AUTOLOAD_QA" class="ant-select-selection-item">AUTOLOAD_QA</span> intercepts pointer events
- retrying click action, attempt #10
-   waiting 500ms
-   waiting for element to be visible, enabled and stable
-   element is visible, enabled and stable
-   scrolling into view if needed
-   done scrolling
-   <span title="AUTOLOAD_QA" class="ant-select-selection-item">AUTOLOAD_QA</span> intercepts pointer events
- retrying click action, attempt #11
-   waiting 500ms
-   waiting for element to be visible, enabled and stable
-   element is visible, enabled and stable
-   scrolling into view if needed
-   done scrolling
-   <span title="AUTOLOAD_QA" class="ant-select-selection-item">AUTOLOAD_QA</span> intercepts pointer events
- retrying click action, attempt #12
-   waiting 500ms
-   waiting for element to be visible, enabled and stable
-   element is visible, enabled and stable
-   scrolling into view if needed
-   done scrolling
-   <span title="AUTOLOAD_QA" class="ant-select-selection-item">AUTOLOAD_QA</span> intercepts pointer events
- retrying click action, attempt #13
-   waiting 500ms
-   waiting for element to be visible, enabled and stable
-   element is visible, enabled and stable
-   scrolling into view if needed
-   done scrolling
-   <span title="AUTOLOAD_QA" class="ant-select-selection-item">AUTOLOAD_QA</span> intercepts pointer events
- retrying click action, attempt #14
-   waiting 500ms
-   waiting for element to be visible, enabled and stable
-   element is visible, enabled and stable
-   scrolling into view if needed
-   done scrolling
-   <span title="AUTOLOAD_QA" class="ant-select-selection-item">AUTOLOAD_QA</span> intercepts pointer events
- retrying click action, attempt #15
-   waiting 500ms
-   waiting for element to be visible, enabled and stable
-   element is visible, enabled and stable
-   scrolling into view if needed
-   done scrolling
-   <span title="AUTOLOAD_QA" class="ant-select-selection-item">AUTOLOAD_QA</span> intercepts pointer events
- retrying click action, attempt #16
-   waiting 500ms
-   waiting for element to be visible, enabled and stable
-   element is visible, enabled and stable
-   scrolling into view if needed
-   done scrolling
-   <span title="AUTOLOAD_QA" class="ant-select-selection-item">AUTOLOAD_QA</span> intercepts pointer events
- retrying click action, attempt #17
-   waiting 500ms
-   waiting for element to be visible, enabled and stable
-   element is visible, enabled and stable
-   scrolling into view if needed
-   done scrolling
-   <span title="AUTOLOAD_QA" class="ant-select-selection-item">AUTOLOAD_QA</span> intercepts pointer events
- retrying click action, attempt #18
-   waiting 500ms
-   waiting for element to be visible, enabled and stable
-   element is visible, enabled and stable
-   scrolling into view if needed
-   done scrolling
-   <span title="AUTOLOAD_QA" class="ant-select-selection-item">AUTOLOAD_QA</span> intercepts pointer events
- retrying click action, attempt #19
-   waiting 500ms
-   waiting for element to be visible, enabled and stable
-   element is visible, enabled and stable
-   scrolling into view if needed
-   done scrolling
-   <span title="AUTOLOAD_QA" class="ant-select-selection-item">AUTOLOAD_QA</span> intercepts pointer events
- retrying click action, attempt #20
-   waiting 500ms
-   waiting for element to be visible, enabled and stable
-   element is visible, enabled and stable
-   scrolling into view if needed
-   done scrolling
-   <span title="AUTOLOAD_QA" class="ant-select-selection-item">AUTOLOAD_QA</span> intercepts pointer events
- retrying click action, attempt #21
-   waiting 500ms
-   waiting for element to be visible, enabled and stable
-   element is visible, enabled and stable
-   scrolling into view if needed
-   done scrolling
-   <span title="AUTOLOAD_QA" class="ant-select-selection-item">AUTOLOAD_QA</span> intercepts pointer events
- retrying click action, attempt #22
-   waiting 500ms
-   waiting for element to be visible, enabled and stable
-   element is visible, enabled and stable
-   scrolling into view if needed
-   done scrolling
-   <span title="AUTOLOAD_QA" class="ant-select-selection-item">AUTOLOAD_QA</span> intercepts pointer events
- retrying click action, attempt #23
-   waiting 500ms
-   waiting for element to be visible, enabled and stable
-   element is visible, enabled and stable
-   scrolling into view if needed
-   done scrolling
-   <span title="AUTOLOAD_QA" class="ant-select-selection-item">AUTOLOAD_QA</span> intercepts pointer events
- retrying click action, attempt #24
-   waiting 500ms
-   waiting for element to be visible, enabled and stable
-   element is visible, enabled and stable
-   scrolling into view if needed
-   done scrolling
-   <span title="AUTOLOAD_QA" class="ant-select-selection-item">AUTOLOAD_QA</span> intercepts pointer events
- retrying click action, attempt #25
-   waiting 500ms
-   waiting for element to be visible, enabled and stable
-   element is visible, enabled and stable
-   scrolling into view if needed
-   done scrolling
-   <span title="AUTOLOAD_QA" class="ant-select-selection-item">AUTOLOAD_QA</span> intercepts pointer events
- retrying click action, attempt #26
-   waiting 500ms
-   waiting for element to be visible, enabled and stable
-   element is visible, enabled and stable
-   scrolling into view if needed
-   done scrolling
-   <span title="AUTOLOAD_QA" class="ant-select-selection-item">AUTOLOAD_QA</span> intercepts pointer events
- retrying click action, attempt #27
-   waiting 500ms
-   waiting for element to be visible, enabled and stable
-   element is visible, enabled and stable
-   scrolling into view if needed
-   done scrolling
-   <span title="AUTOLOAD_QA" class="ant-select-selection-item">AUTOLOAD_QA</span> intercepts pointer events
- retrying click action, attempt #28
-   waiting 500ms
-   waiting for element to be visible, enabled and stable
-   element is visible, enabled and stable
-   scrolling into view if needed
-   done scrolling
-   <span title="AUTOLOAD_QA" class="ant-select-selection-item">AUTOLOAD_QA</span> intercepts pointer events
- retrying click action, attempt #29
-   waiting 500ms
-   waiting for element to be visible, enabled and stable
-   element is visible, enabled and stable
-   scrolling into view if needed
-   done scrolling
-   <span title="AUTOLOAD_QA" class="ant-select-selection-item">AUTOLOAD_QA</span> intercepts pointer events
- retrying click action, attempt #30
-   waiting 500ms
-   waiting for element to be visible, enabled and stable
-   element is visible, enabled and stable
-   scrolling into view if needed
-   done scrolling
-   <span title="AUTOLOAD_QA" class="ant-select-selection-item">AUTOLOAD_QA</span> intercepts pointer events
- retrying click action, attempt #31
-   waiting 500ms
-   waiting for element to be visible, enabled and stable
-   element is visible, enabled and stable
-   scrolling into view if needed
-   done scrolling
-   <span title="AUTOLOAD_QA" class="ant-select-selection-item">AUTOLOAD_QA</span> intercepts pointer events
- retrying click action, attempt #32
-   waiting 500ms
-   waiting for element to be visible, enabled and stable
-   element is visible, enabled and stable
-   scrolling into view if needed
-   done scrolling
-   <span title="AUTOLOAD_QA" class="ant-select-selection-item">AUTOLOAD_QA</span> intercepts pointer events
- retrying click action, attempt #33
-   waiting 500ms
-   waiting for element to be visible, enabled and stable
-   element is visible, enabled and stable
-   scrolling into view if needed
-   done scrolling
-   <span title="AUTOLOAD_QA" class="ant-select-selection-item">AUTOLOAD_QA</span> intercepts pointer events
- retrying click action, attempt #34
-   waiting 500ms
-   waiting for element to be visible, enabled and stable
-   element is visible, enabled and stable
-   scrolling into view if needed
-   done scrolling
-   <span title="AUTOLOAD_QA" class="ant-select-selection-item">AUTOLOAD_QA</span> intercepts pointer events
- retrying click action, attempt #35
-   waiting 500ms
-   waiting for element to be visible, enabled and stable
-   element is visible, enabled and stable
-   scrolling into view if needed
-   done scrolling
-   <span title="AUTOLOAD_QA" class="ant-select-selection-item">AUTOLOAD_QA</span> intercepts pointer events
- retrying click action, attempt #36
-   waiting 500ms
-   waiting for element to be visible, enabled and stable
-   element is visible, enabled and stable
-   scrolling into view if needed
-   done scrolling
-   <span title="AUTOLOAD_QA" class="ant-select-selection-item">AUTOLOAD_QA</span> intercepts pointer events
- retrying click action, attempt #37
-   waiting 500ms
-   waiting for element to be visible, enabled and stable
-   element is visible, enabled and stable
-   scrolling into view if needed
-   done scrolling
-   <span title="AUTOLOAD_QA" class="ant-select-selection-item">AUTOLOAD_QA</span> intercepts pointer events
- retrying click action, attempt #38
-   waiting 500ms
-   waiting for element to be visible, enabled and stable
-   element is visible, enabled and stable
-   scrolling into view if needed
-   done scrolling
-   <span title="AUTOLOAD_QA" class="ant-select-selection-item">AUTOLOAD_QA</span> intercepts pointer events
- retrying click action, attempt #39
-   waiting 500ms
-   waiting for element to be visible, enabled and stable
-   element is visible, enabled and stable
-   scrolling into view if needed
-   done scrolling
-   <span title="AUTOLOAD_QA" class="ant-select-selection-item">AUTOLOAD_QA</span> intercepts pointer events
- retrying click action, attempt #40
-   waiting 500ms
-   waiting for element to be visible, enabled and stable
-   element is visible, enabled and stable
-   scrolling into view if needed
-   done scrolling
-   <span title="AUTOLOAD_QA" class="ant-select-selection-item">AUTOLOAD_QA</span> intercepts pointer events
- retrying click action, attempt #41
-   waiting 500ms
-   waiting for element to be visible, enabled and stable
-   element is visible, enabled and stable
-   scrolling into view if needed
-   done scrolling
-   <span title="AUTOLOAD_QA" class="ant-select-selection-item">AUTOLOAD_QA</span> intercepts pointer events
- retrying click action, attempt #42
-   waiting 500ms
-   waiting for element to be visible, enabled and stable
-   element is visible, enabled and stable
-   scrolling into view if needed
-   done scrolling
-   <span title="AUTOLOAD_QA" class="ant-select-selection-item">AUTOLOAD_QA</span> intercepts pointer events
- retrying click action, attempt #43
-   waiting 500ms
-   waiting for element to be visible, enabled and stable
-   element is visible, enabled and stable
-   scrolling into view if needed
-   done scrolling
-   <span title="AUTOLOAD_QA" class="ant-select-selection-item">AUTOLOAD_QA</span> intercepts pointer events
- retrying click action, attempt #44
-   waiting 500ms
-   waiting for element to be visible, enabled and stable
-   element is visible, enabled and stable
-   scrolling into view if needed
-   done scrolling
-   <span title="AUTOLOAD_QA" class="ant-select-selection-item">AUTOLOAD_QA</span> intercepts pointer events
- retrying click action, attempt #45
-   waiting 500ms
-   waiting for element to be visible, enabled and stable
-   element is visible, enabled and stable
-   scrolling into view if needed
-   done scrolling
-   <span title="AUTOLOAD_QA" class="ant-select-selection-item">AUTOLOAD_QA</span> intercepts pointer events
- retrying click action, attempt #46
-   waiting 500ms
-   waiting for element to be visible, enabled and stable
-   element is visible, enabled and stable
-   scrolling into view if needed
-   done scrolling
-   <span title="AUTOLOAD_QA" class="ant-select-selection-item">AUTOLOAD_QA</span> intercepts pointer events
- retrying click action, attempt #47
-   waiting 500ms
-   waiting for element to be visible, enabled and stable
-   element is visible, enabled and stable
-   scrolling into view if needed
-   done scrolling
-   <span title="AUTOLOAD_QA" class="ant-select-selection-item">AUTOLOAD_QA</span> intercepts pointer events
- retrying click action, attempt #48
-   waiting 500ms
-   waiting for element to be visible, enabled and stable
-   element is visible, enabled and stable
-   scrolling into view if needed
-   done scrolling
-   <span title="AUTOLOAD_QA" class="ant-select-selection-item">AUTOLOAD_QA</span> intercepts pointer events
- retrying click action, attempt #49
-   waiting 500ms
-   waiting for element to be visible, enabled and stable
-   element is visible, enabled and stable
-   scrolling into view if needed
-   done scrolling
-   <span title="AUTOLOAD_QA" class="ant-select-selection-item">AUTOLOAD_QA</span> intercepts pointer events
- retrying click action, attempt #50
-   waiting 500ms
-   waiting for element to be visible, enabled and stable
-   element is visible, enabled and stable
-   scrolling into view if needed
-   done scrolling
-   <span title="AUTOLOAD_QA" class="ant-select-selection-item">AUTOLOAD_QA</span> intercepts pointer events
- retrying click action, attempt #51
-   waiting 500ms

at com.microsoft.playwright.impl.WaitableResult.get(WaitableResult.java:52)
at com.microsoft.playwright.impl.ChannelOwner.runUntil(ChannelOwner.java:120)
at com.microsoft.playwright.impl.Connection.sendMessage(Connection.java:130)
at com.microsoft.playwright.impl.ChannelOwner.sendMessage(ChannelOwner.java:106)
at com.microsoft.playwright.impl.FrameImpl.clickImpl(FrameImpl.java:252)
at com.microsoft.playwright.impl.PageImpl.lambda$click$18(PageImpl.java:682)
at com.microsoft.playwright.impl.LoggingSupport.lambda$withLogging$0(LoggingSupport.java:36)
at com.microsoft.playwright.impl.LoggingSupport.withLogging(LoggingSupport.java:47)
at com.microsoft.playwright.impl.ChannelOwner.withLogging(ChannelOwner.java:89)
at com.microsoft.playwright.impl.LoggingSupport.withLogging(LoggingSupport.java:35)
at com.microsoft.playwright.impl.PageImpl.click(PageImpl.java:681)
at com.microsoft.playwright.Page.click(Page.java:3956)
at com.qa.AutoloadAI.pages.ReportScriptPage.enterID(ReportScriptPage.java:37)
at com.qa.AutoloadAI.tests.ReportPageTest.reportScriptFlow(ReportPageTest.java:31)
at java.base/java.util.concurrent.FutureTask.run(FutureTask.java:264)
at java.base/java.util.concurrent.ThreadPoolExecutor.runWorker(ThreadPoolExecutor.java:1136)
at java.base/java.util.concurrent.ThreadPoolExecutor$Worker.run(ThreadPoolExecutor.java:635)
at java.base/java.lang.Thread.run(Thread.java:833)
Caused by: com.microsoft.playwright.TimeoutError: Error {
  message='Timeout 30000ms exceeded.
  name='TimeoutError
  stack='TimeoutError: Timeout 30000ms exceeded.
    at ProgressController.run (C:\Users\hp\AppData\Local\Temp\playwright-java-16039074641286313852\package\lib\server\progress.js:78:26)
    at Frame.click (C:\Users\hp\AppData\Local\Temp\playwright-java-16039074641286313852\package\lib\server\frames.js:1007:23)
    at FrameDispatcher.click (C:\Users\hp\AppData\Local\Temp\playwright-java-16039074641286313852\package\lib\server\dispatchers\frameDispatcher.js:157:30)
    at FrameDispatcher._handleCommand (C:\Users\hp\AppData\Local\Temp\playwright-java-16039074641286313852\package\lib\server\dispatchers\dispatcher.js:94:40)
    at DispatcherConnection.dispatch (C:\Users\hp\AppData\Local\Temp\playwright-java-16039074641286313852\package\lib\server\dispatchers\dispatcher.js:361:39)
}
Call log:
- waiting for locator("//input[@id='rc_select_1']")
-   locator resolved to <input value="" type="search" role="combobox" id="rc_select_1" autocomplete="off" aria-expanded="false" aria-haspopup="listbox" aria-autocomplete="list" aria-owns="rc_select_1_list" aria-controls="rc_select_1_list" class="ant-select-selection-search-input"/>
- attempting click action
-   waiting for element to be visible, enabled and stable
-   element is visible, enabled and stable
-   scrolling into view if needed
-   done scrolling
-   <span title="AUTOLOAD_QA" class="ant-select-selection-item">AUTOLOAD_QA</span> intercepts pointer events
- retrying click action, attempt #1
-   waiting for element to be visible, enabled and stable
-   element is visible, enabled and stable
-   scrolling into view if needed
-   done scrolling
-   <span title="AUTOLOAD_QA" class="ant-select-selection-item">AUTOLOAD_QA</span> intercepts pointer events
- retrying click action, attempt #2
-   waiting 20ms
-   waiting for element to be visible, enabled and stable
-   element is visible, enabled and stable
-   scrolling into view if needed
-   done scrolling
-   <span title="AUTOLOAD_QA" class="ant-select-selection-item">AUTOLOAD_QA</span> intercepts pointer events
- retrying click action, attempt #3
-   waiting 100ms
-   waiting for element to be visible, enabled and stable
-   element is visible, enabled and stable
-   scrolling into view if needed
-   done scrolling
-   <span title="AUTOLOAD_QA" class="ant-select-selection-item">AUTOLOAD_QA</span> intercepts pointer events
- retrying click action, attempt #4
-   waiting 100ms
-   waiting for element to be visible, enabled and stable
-   element is visible, enabled and stable
-   scrolling into view if needed
-   done scrolling
-   <span title="AUTOLOAD_QA" class="ant-select-selection-item">AUTOLOAD_QA</span> intercepts pointer events
- retrying click action, attempt #5
-   waiting 500ms
-   waiting for element to be visible, enabled and stable
-   element is visible, enabled and stable
-   scrolling into view if needed
-   done scrolling
-   <span title="AUTOLOAD_QA" class="ant-select-selection-item">AUTOLOAD_QA</span> intercepts pointer events
- retrying click action, attempt #6
-   waiting 500ms
-   waiting for element to be visible, enabled and stable
-   element is visible, enabled and stable
-   scrolling into view if needed
-   done scrolling
-   <span title="AUTOLOAD_QA" class="ant-select-selection-item">AUTOLOAD_QA</span> intercepts pointer events
- retrying click action, attempt #7
-   waiting 500ms
-   waiting for element to be visible, enabled and stable
-   element is visible, enabled and stable
-   scrolling into view if needed
-   done scrolling
-   <span title="AUTOLOAD_QA" class="ant-select-selection-item">AUTOLOAD_QA</span> intercepts pointer events
- retrying click action, attempt #8
-   waiting 500ms
-   waiting for element to be visible, enabled and stable
-   element is visible, enabled and stable
-   scrolling into view if needed
-   done scrolling
-   <span title="AUTOLOAD_QA" class="ant-select-selection-item">AUTOLOAD_QA</span> intercepts pointer events
- retrying click action, attempt #9
-   waiting 500ms
-   waiting for element to be visible, enabled and stable
-   element is visible, enabled and stable
-   scrolling into view if needed
-   done scrolling
-   <span title="AUTOLOAD_QA" class="ant-select-selection-item">AUTOLOAD_QA</span> intercepts pointer events
- retrying click action, attempt #10
-   waiting 500ms
-   waiting for element to be visible, enabled and stable
-   element is visible, enabled and stable
-   scrolling into view if needed
-   done scrolling
-   <span title="AUTOLOAD_QA" class="ant-select-selection-item">AUTOLOAD_QA</span> intercepts pointer events
- retrying click action, attempt #11
-   waiting 500ms
-   waiting for element to be visible, enabled and stable
-   element is visible, enabled and stable
-   scrolling into view if needed
-   done scrolling
-   <span title="AUTOLOAD_QA" class="ant-select-selection-item">AUTOLOAD_QA</span> intercepts pointer events
- retrying click action, attempt #12
-   waiting 500ms
-   waiting for element to be visible, enabled and stable
-   element is visible, enabled and stable
-   scrolling into view if needed
-   done scrolling
-   <span title="AUTOLOAD_QA" class="ant-select-selection-item">AUTOLOAD_QA</span> intercepts pointer events
- retrying click action, attempt #13
-   waiting 500ms
-   waiting for element to be visible, enabled and stable
-   element is visible, enabled and stable
-   scrolling into view if needed
-   done scrolling
-   <span title="AUTOLOAD_QA" class="ant-select-selection-item">AUTOLOAD_QA</span> intercepts pointer events
- retrying click action, attempt #14
-   waiting 500ms
-   waiting for element to be visible, enabled and stable
-   element is visible, enabled and stable
-   scrolling into view if needed
-   done scrolling
-   <span title="AUTOLOAD_QA" class="ant-select-selection-item">AUTOLOAD_QA</span> intercepts pointer events
- retrying click action, attempt #15
-   waiting 500ms
-   waiting for element to be visible, enabled and stable
-   element is visible, enabled and stable
-   scrolling into view if needed
-   done scrolling
-   <span title="AUTOLOAD_QA" class="ant-select-selection-item">AUTOLOAD_QA</span> intercepts pointer events
- retrying click action, attempt #16
-   waiting 500ms
-   waiting for element to be visible, enabled and stable
-   element is visible, enabled and stable
-   scrolling into view if needed
-   done scrolling
-   <span title="AUTOLOAD_QA" class="ant-select-selection-item">AUTOLOAD_QA</span> intercepts pointer events
- retrying click action, attempt #17
-   waiting 500ms
-   waiting for element to be visible, enabled and stable
-   element is visible, enabled and stable
-   scrolling into view if needed
-   done scrolling
-   <span title="AUTOLOAD_QA" class="ant-select-selection-item">AUTOLOAD_QA</span> intercepts pointer events
- retrying click action, attempt #18
-   waiting 500ms
-   waiting for element to be visible, enabled and stable
-   element is visible, enabled and stable
-   scrolling into view if needed
-   done scrolling
-   <span title="AUTOLOAD_QA" class="ant-select-selection-item">AUTOLOAD_QA</span> intercepts pointer events
- retrying click action, attempt #19
-   waiting 500ms
-   waiting for element to be visible, enabled and stable
-   element is visible, enabled and stable
-   scrolling into view if needed
-   done scrolling
-   <span title="AUTOLOAD_QA" class="ant-select-selection-item">AUTOLOAD_QA</span> intercepts pointer events
- retrying click action, attempt #20
-   waiting 500ms
-   waiting for element to be visible, enabled and stable
-   element is visible, enabled and stable
-   scrolling into view if needed
-   done scrolling
-   <span title="AUTOLOAD_QA" class="ant-select-selection-item">AUTOLOAD_QA</span> intercepts pointer events
- retrying click action, attempt #21
-   waiting 500ms
-   waiting for element to be visible, enabled and stable
-   element is visible, enabled and stable
-   scrolling into view if needed
-   done scrolling
-   <span title="AUTOLOAD_QA" class="ant-select-selection-item">AUTOLOAD_QA</span> intercepts pointer events
- retrying click action, attempt #22
-   waiting 500ms
-   waiting for element to be visible, enabled and stable
-   element is visible, enabled and stable
-   scrolling into view if needed
-   done scrolling
-   <span title="AUTOLOAD_QA" class="ant-select-selection-item">AUTOLOAD_QA</span> intercepts pointer events
- retrying click action, attempt #23
-   waiting 500ms
-   waiting for element to be visible, enabled and stable
-   element is visible, enabled and stable
-   scrolling into view if needed
-   done scrolling
-   <span title="AUTOLOAD_QA" class="ant-select-selection-item">AUTOLOAD_QA</span> intercepts pointer events
- retrying click action, attempt #24
-   waiting 500ms
-   waiting for element to be visible, enabled and stable
-   element is visible, enabled and stable
-   scrolling into view if needed
-   done scrolling
-   <span title="AUTOLOAD_QA" class="ant-select-selection-item">AUTOLOAD_QA</span> intercepts pointer events
- retrying click action, attempt #25
-   waiting 500ms
-   waiting for element to be visible, enabled and stable
-   element is visible, enabled and stable
-   scrolling into view if needed
-   done scrolling
-   <span title="AUTOLOAD_QA" class="ant-select-selection-item">AUTOLOAD_QA</span> intercepts pointer events
- retrying click action, attempt #26
-   waiting 500ms
-   waiting for element to be visible, enabled and stable
-   element is visible, enabled and stable
-   scrolling into view if needed
-   done scrolling
-   <span title="AUTOLOAD_QA" class="ant-select-selection-item">AUTOLOAD_QA</span> intercepts pointer events
- retrying click action, attempt #27
-   waiting 500ms
-   waiting for element to be visible, enabled and stable
-   element is visible, enabled and stable
-   scrolling into view if needed
-   done scrolling
-   <span title="AUTOLOAD_QA" class="ant-select-selection-item">AUTOLOAD_QA</span> intercepts pointer events
- retrying click action, attempt #28
-   waiting 500ms
-   waiting for element to be visible, enabled and stable
-   element is visible, enabled and stable
-   scrolling into view if needed
-   done scrolling
-   <span title="AUTOLOAD_QA" class="ant-select-selection-item">AUTOLOAD_QA</span> intercepts pointer events
- retrying click action, attempt #29
-   waiting 500ms
-   waiting for element to be visible, enabled and stable
-   element is visible, enabled and stable
-   scrolling into view if needed
-   done scrolling
-   <span title="AUTOLOAD_QA" class="ant-select-selection-item">AUTOLOAD_QA</span> intercepts pointer events
- retrying click action, attempt #30
-   waiting 500ms
-   waiting for element to be visible, enabled and stable
-   element is visible, enabled and stable
-   scrolling into view if needed
-   done scrolling
-   <span title="AUTOLOAD_QA" class="ant-select-selection-item">AUTOLOAD_QA</span> intercepts pointer events
- retrying click action, attempt #31
-   waiting 500ms
-   waiting for element to be visible, enabled and stable
-   element is visible, enabled and stable
-   scrolling into view if needed
-   done scrolling
-   <span title="AUTOLOAD_QA" class="ant-select-selection-item">AUTOLOAD_QA</span> intercepts pointer events
- retrying click action, attempt #32
-   waiting 500ms
-   waiting for element to be visible, enabled and stable
-   element is visible, enabled and stable
-   scrolling into view if needed
-   done scrolling
-   <span title="AUTOLOAD_QA" class="ant-select-selection-item">AUTOLOAD_QA</span> intercepts pointer events
- retrying click action, attempt #33
-   waiting 500ms
-   waiting for element to be visible, enabled and stable
-   element is visible, enabled and stable
-   scrolling into view if needed
-   done scrolling
-   <span title="AUTOLOAD_QA" class="ant-select-selection-item">AUTOLOAD_QA</span> intercepts pointer events
- retrying click action, attempt #34
-   waiting 500ms
-   waiting for element to be visible, enabled and stable
-   element is visible, enabled and stable
-   scrolling into view if needed
-   done scrolling
-   <span title="AUTOLOAD_QA" class="ant-select-selection-item">AUTOLOAD_QA</span> intercepts pointer events
- retrying click action, attempt #35
-   waiting 500ms
-   waiting for element to be visible, enabled and stable
-   element is visible, enabled and stable
-   scrolling into view if needed
-   done scrolling
-   <span title="AUTOLOAD_QA" class="ant-select-selection-item">AUTOLOAD_QA</span> intercepts pointer events
- retrying click action, attempt #36
-   waiting 500ms
-   waiting for element to be visible, enabled and stable
-   element is visible, enabled and stable
-   scrolling into view if needed
-   done scrolling
-   <span title="AUTOLOAD_QA" class="ant-select-selection-item">AUTOLOAD_QA</span> intercepts pointer events
- retrying click action, attempt #37
-   waiting 500ms
-   waiting for element to be visible, enabled and stable
-   element is visible, enabled and stable
-   scrolling into view if needed
-   done scrolling
-   <span title="AUTOLOAD_QA" class="ant-select-selection-item">AUTOLOAD_QA</span> intercepts pointer events
- retrying click action, attempt #38
-   waiting 500ms
-   waiting for element to be visible, enabled and stable
-   element is visible, enabled and stable
-   scrolling into view if needed
-   done scrolling
-   <span title="AUTOLOAD_QA" class="ant-select-selection-item">AUTOLOAD_QA</span> intercepts pointer events
- retrying click action, attempt #39
-   waiting 500ms
-   waiting for element to be visible, enabled and stable
-   element is visible, enabled and stable
-   scrolling into view if needed
-   done scrolling
-   <span title="AUTOLOAD_QA" class="ant-select-selection-item">AUTOLOAD_QA</span> intercepts pointer events
- retrying click action, attempt #40
-   waiting 500ms
-   waiting for element to be visible, enabled and stable
-   element is visible, enabled and stable
-   scrolling into view if needed
-   done scrolling
-   <span title="AUTOLOAD_QA" class="ant-select-selection-item">AUTOLOAD_QA</span> intercepts pointer events
- retrying click action, attempt #41
-   waiting 500ms
-   waiting for element to be visible, enabled and stable
-   element is visible, enabled and stable
-   scrolling into view if needed
-   done scrolling
-   <span title="AUTOLOAD_QA" class="ant-select-selection-item">AUTOLOAD_QA</span> intercepts pointer events
- retrying click action, attempt #42
-   waiting 500ms
-   waiting for element to be visible, enabled and stable
-   element is visible, enabled and stable
-   scrolling into view if needed
-   done scrolling
-   <span title="AUTOLOAD_QA" class="ant-select-selection-item">AUTOLOAD_QA</span> intercepts pointer events
- retrying click action, attempt #43
-   waiting 500ms
-   waiting for element to be visible, enabled and stable
-   element is visible, enabled and stable
-   scrolling into view if needed
-   done scrolling
-   <span title="AUTOLOAD_QA" class="ant-select-selection-item">AUTOLOAD_QA</span> intercepts pointer events
- retrying click action, attempt #44
-   waiting 500ms
-   waiting for element to be visible, enabled and stable
-   element is visible, enabled and stable
-   scrolling into view if needed
-   done scrolling
-   <span title="AUTOLOAD_QA" class="ant-select-selection-item">AUTOLOAD_QA</span> intercepts pointer events
- retrying click action, attempt #45
-   waiting 500ms
-   waiting for element to be visible, enabled and stable
-   element is visible, enabled and stable
-   scrolling into view if needed
-   done scrolling
-   <span title="AUTOLOAD_QA" class="ant-select-selection-item">AUTOLOAD_QA</span> intercepts pointer events
- retrying click action, attempt #46
-   waiting 500ms
-   waiting for element to be visible, enabled and stable
-   element is visible, enabled and stable
-   scrolling into view if needed
-   done scrolling
-   <span title="AUTOLOAD_QA" class="ant-select-selection-item">AUTOLOAD_QA</span> intercepts pointer events
- retrying click action, attempt #47
-   waiting 500ms
-   waiting for element to be visible, enabled and stable
-   element is visible, enabled and stable
-   scrolling into view if needed
-   done scrolling
-   <span title="AUTOLOAD_QA" class="ant-select-selection-item">AUTOLOAD_QA</span> intercepts pointer events
- retrying click action, attempt #48
-   waiting 500ms
-   waiting for element to be visible, enabled and stable
-   element is visible, enabled and stable
-   scrolling into view if needed
-   done scrolling
-   <span title="AUTOLOAD_QA" class="ant-select-selection-item">AUTOLOAD_QA</span> intercepts pointer events
- retrying click action, attempt #49
-   waiting 500ms
-   waiting for element to be visible, enabled and stable
-   element is visible, enabled and stable
-   scrolling into view if needed
-   done scrolling
-   <span title="AUTOLOAD_QA" class="ant-select-selection-item">AUTOLOAD_QA</span> intercepts pointer events
- retrying click action, attempt #50
-   waiting 500ms
-   waiting for element to be visible, enabled and stable
-   element is visible, enabled and stable
-   scrolling into view if needed
-   done scrolling
-   <span title="AUTOLOAD_QA" class="ant-select-selection-item">AUTOLOAD_QA</span> intercepts pointer events
- retrying click action, attempt #51
-   waiting 500ms

at com.microsoft.playwright.impl.Connection.dispatch(Connection.java:254)
at com.microsoft.playwright.impl.Connection.processOneMessage(Connection.java:211)
at com.microsoft.playwright.impl.ChannelOwner.runUntil(ChannelOwner.java:118)
... 32 more
... Removed 16 stack frames]]>
    </failure>
  </testcase> <!-- reportScriptFlow -->
</testsuite> <!-- Autoload AI Report Page Test_edge -->
