<?xml version="1.0" encoding="UTF-8"?>
<!-- Generated by org.testng.reporters.JUnitXMLReporter -->
<testsuite ignored="0" hostname="DESKTOP-6LVC8MF" failures="0" tests="2" name="Autoload AI Login Page Test_edge" time="112.546" errors="0" timestamp="22 Jul 2024 13:33:46 GMT">
  <testcase classname="com.qa.AutoloadAI.tests.LoginPageTest" name="loginPageNavigationTest" time="0.719"/>
  <testcase classname="com.qa.AutoloadAI.tests.LoginPageTest" name="appLoginTest" time="0.48"/>
</testsuite> <!-- Autoload AI Login Page Test_edge -->
