<?xml version="1.0" encoding="UTF-8"?>
<testng-results ignored="0" total="7" passed="6" failed="1" skipped="0">
  <reporter-output>
  </reporter-output>
  <suite started-at="2024-07-29T15:23:46Z" name="MyTestSuite" finished-at="2024-07-29T15:24:48Z" duration-ms="61814">
    <groups>
    </groups>
    <test started-at="2024-07-29T15:23:46Z" name="Autoload AI Home Page Test_edge" finished-at="2024-07-29T15:24:20Z" duration-ms="33586">
      <class name="com.qa.AutoloadAI.tests.HomePageTest">
        <test-method is-config="true" signature="setup(java.lang.String)[pri:0, instance:com.qa.AutoloadAI.tests.HomePageTest@45efd90f]" started-at="2024-07-29T15:23:46Z" name="setup" finished-at="2024-07-29T15:24:08Z" duration-ms="21733" status="PASS">
          <params>
            <param index="0">
              <value>
                <![CDATA[chrome]]>
              </value>
            </param>
          </params>
          <reporter-output>
          </reporter-output>
        </test-method> <!-- setup -->
        <test-method signature="homePageTitleTest()[pri:0, instance:com.qa.AutoloadAI.tests.HomePageTest@45efd90f]" started-at="2024-07-29T15:24:09Z" name="homePageTitleTest" finished-at="2024-07-29T15:24:10Z" duration-ms="1467" status="PASS">
          <reporter-output>
          </reporter-output>
        </test-method> <!-- homePageTitleTest -->
        <test-method signature="homePageURLTest()[pri:0, instance:com.qa.AutoloadAI.tests.HomePageTest@45efd90f]" started-at="2024-07-29T15:24:12Z" name="homePageURLTest" finished-at="2024-07-29T15:24:12Z" duration-ms="429" status="PASS">
          <reporter-output>
          </reporter-output>
        </test-method> <!-- homePageURLTest -->
        <test-method is-config="true" signature="tearDown()[pri:0, instance:com.qa.AutoloadAI.tests.HomePageTest@45efd90f]" started-at="2024-07-29T15:24:13Z" name="tearDown" finished-at="2024-07-29T15:24:20Z" duration-ms="6243" status="PASS">
          <reporter-output>
          </reporter-output>
        </test-method> <!-- tearDown -->
      </class> <!-- com.qa.AutoloadAI.tests.HomePageTest -->
    </test> <!-- Autoload AI Home Page Test_edge -->
    <test started-at="2024-07-29T15:23:46Z" name="Autoload AI Login Page Test_edge" finished-at="2024-07-29T15:24:21Z" duration-ms="35234">
      <class name="com.qa.AutoloadAI.tests.LoginPageTest">
        <test-method is-config="true" signature="setup(java.lang.String)[pri:0, instance:com.qa.AutoloadAI.tests.LoginPageTest@3f1d2e23]" started-at="2024-07-29T15:23:46Z" name="setup" finished-at="2024-07-29T15:24:07Z" duration-ms="21489" status="PASS">
          <params>
            <param index="0">
              <value>
                <![CDATA[chrome]]>
              </value>
            </param>
          </params>
          <reporter-output>
          </reporter-output>
        </test-method> <!-- setup -->
        <test-method signature="loginPageNavigationTest()[pri:1, instance:com.qa.AutoloadAI.tests.LoginPageTest@3f1d2e23]" started-at="2024-07-29T15:24:09Z" name="loginPageNavigationTest" finished-at="2024-07-29T15:24:14Z" duration-ms="5355" status="PASS">
          <reporter-output>
          </reporter-output>
        </test-method> <!-- loginPageNavigationTest -->
        <test-method signature="appLoginTest()[pri:2, instance:com.qa.AutoloadAI.tests.LoginPageTest@3f1d2e23]" started-at="2024-07-29T15:24:17Z" name="appLoginTest" finished-at="2024-07-29T15:24:18Z" duration-ms="376" status="PASS">
          <reporter-output>
          </reporter-output>
        </test-method> <!-- appLoginTest -->
        <test-method is-config="true" signature="tearDown()[pri:0, instance:com.qa.AutoloadAI.tests.LoginPageTest@3f1d2e23]" started-at="2024-07-29T15:24:18Z" name="tearDown" finished-at="2024-07-29T15:24:21Z" duration-ms="3127" status="PASS">
          <reporter-output>
          </reporter-output>
        </test-method> <!-- tearDown -->
      </class> <!-- com.qa.AutoloadAI.tests.LoginPageTest -->
    </test> <!-- Autoload AI Login Page Test_edge -->
    <test started-at="2024-07-29T15:23:46Z" name="Autoload AI Report Page Test_edge" finished-at="2024-07-29T15:24:48Z" duration-ms="61813">
      <class name="com.qa.AutoloadAI.tests.ReportPageTest">
        <test-method is-config="true" signature="setup(java.lang.String)[pri:0, instance:com.qa.AutoloadAI.tests.ReportPageTest@13d9cbf5]" started-at="2024-07-29T15:23:46Z" name="setup" finished-at="2024-07-29T15:24:08Z" duration-ms="21865" status="PASS">
          <params>
            <param index="0">
              <value>
                <![CDATA[chrome]]>
              </value>
            </param>
          </params>
          <reporter-output>
          </reporter-output>
        </test-method> <!-- setup -->
        <test-method signature="loginPageNavigationTest()[pri:1, instance:com.qa.AutoloadAI.tests.ReportPageTest@13d9cbf5]" started-at="2024-07-29T15:24:09Z" name="loginPageNavigationTest" finished-at="2024-07-29T15:24:11Z" duration-ms="2345" status="PASS">
          <reporter-output>
          </reporter-output>
        </test-method> <!-- loginPageNavigationTest -->
        <test-method signature="appLoginTest()[pri:2, instance:com.qa.AutoloadAI.tests.ReportPageTest@13d9cbf5]" started-at="2024-07-29T15:24:12Z" name="appLoginTest" finished-at="2024-07-29T15:24:13Z" duration-ms="1063" status="PASS">
          <reporter-output>
          </reporter-output>
        </test-method> <!-- appLoginTest -->
        <test-method signature="reportScriptFlow()[pri:3, instance:com.qa.AutoloadAI.tests.ReportPageTest@13d9cbf5]" started-at="2024-07-29T15:24:15Z" name="reportScriptFlow" finished-at="2024-07-29T15:24:47Z" duration-ms="32733" status="FAIL">
          <exception class="com.microsoft.playwright.TimeoutError">
            <message>
              <![CDATA[Error {
  message='Timeout 30000ms exceeded.
  name='TimeoutError
  stack='TimeoutError: Timeout 30000ms exceeded.
    at ProgressController.run (C:\Users\hp\AppData\Local\Temp\playwright-java-15031125889722243738\package\lib\server\progress.js:78:26)
    at Frame.click (C:\Users\hp\AppData\Local\Temp\playwright-java-15031125889722243738\package\lib\server\frames.js:1007:23)
    at FrameDispatcher.click (C:\Users\hp\AppData\Local\Temp\playwright-java-15031125889722243738\package\lib\server\dispatchers\frameDispatcher.js:157:30)
    at FrameDispatcher._handleCommand (C:\Users\hp\AppData\Local\Temp\playwright-java-15031125889722243738\package\lib\server\dispatchers\dispatcher.js:94:40)
    at DispatcherConnection.dispatch (C:\Users\hp\AppData\Local\Temp\playwright-java-15031125889722243738\package\lib\server\dispatchers\dispatcher.js:361:39)
}
Call log:
- waiting for locator("selector-for-summary-report")
]]>
            </message>
            <full-stacktrace>
              <![CDATA[com.microsoft.playwright.TimeoutError: Error {
  message='Timeout 30000ms exceeded.
  name='TimeoutError
  stack='TimeoutError: Timeout 30000ms exceeded.
    at ProgressController.run (C:\Users\hp\AppData\Local\Temp\playwright-java-15031125889722243738\package\lib\server\progress.js:78:26)
    at Frame.click (C:\Users\hp\AppData\Local\Temp\playwright-java-15031125889722243738\package\lib\server\frames.js:1007:23)
    at FrameDispatcher.click (C:\Users\hp\AppData\Local\Temp\playwright-java-15031125889722243738\package\lib\server\dispatchers\frameDispatcher.js:157:30)
    at FrameDispatcher._handleCommand (C:\Users\hp\AppData\Local\Temp\playwright-java-15031125889722243738\package\lib\server\dispatchers\dispatcher.js:94:40)
    at DispatcherConnection.dispatch (C:\Users\hp\AppData\Local\Temp\playwright-java-15031125889722243738\package\lib\server\dispatchers\dispatcher.js:361:39)
}
Call log:
- waiting for locator("selector-for-summary-report")

at com.microsoft.playwright.impl.WaitableResult.get(WaitableResult.java:52)
at com.microsoft.playwright.impl.ChannelOwner.runUntil(ChannelOwner.java:120)
at com.microsoft.playwright.impl.Connection.sendMessage(Connection.java:130)
at com.microsoft.playwright.impl.ChannelOwner.sendMessage(ChannelOwner.java:106)
at com.microsoft.playwright.impl.FrameImpl.clickImpl(FrameImpl.java:252)
at com.microsoft.playwright.impl.PageImpl.lambda$click$18(PageImpl.java:682)
at com.microsoft.playwright.impl.LoggingSupport.lambda$withLogging$0(LoggingSupport.java:36)
at com.microsoft.playwright.impl.LoggingSupport.withLogging(LoggingSupport.java:47)
at com.microsoft.playwright.impl.ChannelOwner.withLogging(ChannelOwner.java:89)
at com.microsoft.playwright.impl.LoggingSupport.withLogging(LoggingSupport.java:35)
at com.microsoft.playwright.impl.PageImpl.click(PageImpl.java:681)
at com.microsoft.playwright.Page.click(Page.java:3956)
at com.qa.AutoloadAI.pages.ReportScriptPage.goToSummaryReport(ReportScriptPage.java:29)
at com.qa.AutoloadAI.tests.ReportPageTest.reportScriptFlow(ReportPageTest.java:26)
at java.base/jdk.internal.reflect.NativeMethodAccessorImpl.invoke0(Native Method)
at java.base/jdk.internal.reflect.NativeMethodAccessorImpl.invoke(NativeMethodAccessorImpl.java:77)
at java.base/jdk.internal.reflect.DelegatingMethodAccessorImpl.invoke(DelegatingMethodAccessorImpl.java:43)
at java.base/java.lang.reflect.Method.invoke(Method.java:568)
at org.testng.internal.MethodInvocationHelper.invokeMethod(MethodInvocationHelper.java:124)
at org.testng.internal.Invoker.invokeMethod(Invoker.java:583)
at org.testng.internal.Invoker.invokeTestMethod(Invoker.java:719)
at org.testng.internal.Invoker.invokeTestMethods(Invoker.java:989)
at org.testng.internal.TestMethodWorker.invokeTestMethods(TestMethodWorker.java:125)
at org.testng.internal.TestMethodWorker.run(TestMethodWorker.java:109)
at org.testng.TestRunner.privateRun(TestRunner.java:648)
at org.testng.TestRunner.run(TestRunner.java:505)
at org.testng.SuiteRunner.runTest(SuiteRunner.java:455)
at org.testng.SuiteRunner.access$000(SuiteRunner.java:40)
at org.testng.SuiteRunner$SuiteWorker.run(SuiteRunner.java:489)
at org.testng.internal.thread.ThreadUtil$1.call(ThreadUtil.java:52)
at java.base/java.util.concurrent.FutureTask.run(FutureTask.java:264)
at java.base/java.util.concurrent.ThreadPoolExecutor.runWorker(ThreadPoolExecutor.java:1136)
at java.base/java.util.concurrent.ThreadPoolExecutor$Worker.run(ThreadPoolExecutor.java:635)
at java.base/java.lang.Thread.run(Thread.java:833)
Caused by: com.microsoft.playwright.TimeoutError: Error {
  message='Timeout 30000ms exceeded.
  name='TimeoutError
  stack='TimeoutError: Timeout 30000ms exceeded.
    at ProgressController.run (C:\Users\hp\AppData\Local\Temp\playwright-java-15031125889722243738\package\lib\server\progress.js:78:26)
    at Frame.click (C:\Users\hp\AppData\Local\Temp\playwright-java-15031125889722243738\package\lib\server\frames.js:1007:23)
    at FrameDispatcher.click (C:\Users\hp\AppData\Local\Temp\playwright-java-15031125889722243738\package\lib\server\dispatchers\frameDispatcher.js:157:30)
    at FrameDispatcher._handleCommand (C:\Users\hp\AppData\Local\Temp\playwright-java-15031125889722243738\package\lib\server\dispatchers\dispatcher.js:94:40)
    at DispatcherConnection.dispatch (C:\Users\hp\AppData\Local\Temp\playwright-java-15031125889722243738\package\lib\server\dispatchers\dispatcher.js:361:39)
}
Call log:
- waiting for locator("selector-for-summary-report")

at com.microsoft.playwright.impl.Connection.dispatch(Connection.java:254)
at com.microsoft.playwright.impl.Connection.processOneMessage(Connection.java:211)
at com.microsoft.playwright.impl.ChannelOwner.runUntil(ChannelOwner.java:118)
... 32 more
]]>
            </full-stacktrace>
          </exception> <!-- com.microsoft.playwright.TimeoutError -->
          <reporter-output>
          </reporter-output>
        </test-method> <!-- reportScriptFlow -->
        <test-method is-config="true" signature="tearDown()[pri:0, instance:com.qa.AutoloadAI.tests.ReportPageTest@13d9cbf5]" started-at="2024-07-29T15:24:47Z" name="tearDown" finished-at="2024-07-29T15:24:48Z" duration-ms="378" status="PASS">
          <reporter-output>
          </reporter-output>
        </test-method> <!-- tearDown -->
      </class> <!-- com.qa.AutoloadAI.tests.ReportPageTest -->
    </test> <!-- Autoload AI Report Page Test_edge -->
  </suite> <!-- MyTestSuite -->
</testng-results>
