<?xml version="1.0" encoding="UTF-8"?>
<testsuite xmlns:xsi="http://www.w3.org/2001/XMLSchema-instance" xsi:noNamespaceSchemaLocation="https://maven.apache.org/surefire/maven-surefire-plugin/xsd/surefire-test-report.xsd" name="TestSuite" time="65.326" tests="9" errors="0" skipped="0" failures="1">
  <properties>
[...]
</properties>
  <testcase name="homePageTitleTest" classname="com.qa.AutoloadAI.tests.HomePageTest" time="1.782"/>
  <testcase name="loginPageNavigationTest" classname="com.qa.AutoloadAI.tests.ExecuteScriptTest" time="2.023"/>
  <testcase name="loginPageNavigationTest" classname="com.qa.AutoloadAI.tests.ReportPageTest" time="2.211"/>
  <testcase name="homePageURLTest" classname="com.qa.AutoloadAI.tests.HomePageTest" time="1.071"/>
  <testcase name="appLoginTest" classname="com.qa.AutoloadAI.tests.ReportPageTest" time="2.297"/>
  <testcase name="appLoginTest" classname="com.qa.AutoloadAI.tests.ExecuteScriptTest" time="4.73"/>
  <testcase name="loginPageNavigationTest" classname="com.qa.AutoloadAI.tests.LoginPageTest" time="0.406"/>
  <testcase name="appLoginTest" classname="com.qa.AutoloadAI.tests.LoginPageTest" time="0.702"/>
  <testcase name="reportScriptFlow" classname="com.qa.AutoloadAI.tests.ReportPageTest" time="30.027">
    <failure message="Error {&#10;  message=&apos;Timeout 30000ms exceeded.&#10;  name=&apos;TimeoutError&#10;  stack=&apos;TimeoutError: Timeout 30000ms exceeded.&#10;    at ProgressController.run (C:\Users\hp\AppData\Local\Temp\playwright-java-15031125889722243738\package\lib\server\progress.js:78:26)&#10;    at Frame.click (C:\Users\hp\AppData\Local\Temp\playwright-java-15031125889722243738\package\lib\server\frames.js:1007:23)&#10;    at FrameDispatcher.click (C:\Users\hp\AppData\Local\Temp\playwright-java-15031125889722243738\package\lib\server\dispatchers\frameDispatcher.js:157:30)&#10;    at FrameDispatcher._handleCommand (C:\Users\hp\AppData\Local\Temp\playwright-java-15031125889722243738\package\lib\server\dispatchers\dispatcher.js:94:40)&#10;    at DispatcherConnection.dispatch (C:\Users\hp\AppData\Local\Temp\playwright-java-15031125889722243738\package\lib\server\dispatchers\dispatcher.js:361:39)&#10;}&#10;Call log:&#10;- waiting for locator(&quot;selector-for-summary-report&quot;)&#10;" type="com.microsoft.playwright.TimeoutError">com.microsoft.playwright.TimeoutError: 
Error {
  message='Timeout 30000ms exceeded.
  name='TimeoutError
  stack='TimeoutError: Timeout 30000ms exceeded.
    at ProgressController.run (C:\Users\hp\AppData\Local\Temp\playwright-java-15031125889722243738\package\lib\server\progress.js:78:26)
    at Frame.click (C:\Users\hp\AppData\Local\Temp\playwright-java-15031125889722243738\package\lib\server\frames.js:1007:23)
    at FrameDispatcher.click (C:\Users\hp\AppData\Local\Temp\playwright-java-15031125889722243738\package\lib\server\dispatchers\frameDispatcher.js:157:30)
    at FrameDispatcher._handleCommand (C:\Users\hp\AppData\Local\Temp\playwright-java-15031125889722243738\package\lib\server\dispatchers\dispatcher.js:94:40)
    at DispatcherConnection.dispatch (C:\Users\hp\AppData\Local\Temp\playwright-java-15031125889722243738\package\lib\server\dispatchers\dispatcher.js:361:39)
}
Call log:
- waiting for locator("selector-for-summary-report")

	at com.qa.AutoloadAI.tests.ReportPageTest.reportScriptFlow(ReportPageTest.java:26)
Caused by: com.microsoft.playwright.TimeoutError: 
Error {
  message='Timeout 30000ms exceeded.
  name='TimeoutError
  stack='TimeoutError: Timeout 30000ms exceeded.
    at ProgressController.run (C:\Users\hp\AppData\Local\Temp\playwright-java-15031125889722243738\package\lib\server\progress.js:78:26)
    at Frame.click (C:\Users\hp\AppData\Local\Temp\playwright-java-15031125889722243738\package\lib\server\frames.js:1007:23)
    at FrameDispatcher.click (C:\Users\hp\AppData\Local\Temp\playwright-java-15031125889722243738\package\lib\server\dispatchers\frameDispatcher.js:157:30)
    at FrameDispatcher._handleCommand (C:\Users\hp\AppData\Local\Temp\playwright-java-15031125889722243738\package\lib\server\dispatchers\dispatcher.js:94:40)
    at DispatcherConnection.dispatch (C:\Users\hp\AppData\Local\Temp\playwright-java-15031125889722243738\package\lib\server\dispatchers\dispatcher.js:361:39)
}
Call log:
- waiting for locator("selector-for-summary-report")

	at com.qa.AutoloadAI.tests.ReportPageTest.reportScriptFlow(ReportPageTest.java:26)
</failure>
    <system-out><![CDATA[Test Suite is ending!
Test Suite is ending!
reportScriptFlow failed!
]]></system-out>
  </testcase>
</testsuite>