<?xml version="1.0" encoding="UTF-8"?>
<testng-results ignored="0" total="2" passed="1" failed="1" skipped="0">
  <reporter-output>
  </reporter-output>
  <suite started-at="2024-07-24T15:36:27Z" name="MyTestSuite" finished-at="2024-07-24T15:36:41Z" duration-ms="14132">
    <groups>
    </groups>
    <test started-at="2024-07-24T15:36:27Z" name="Autoload AI ScriptExecute Page Test_edge" finished-at="2024-07-24T15:36:41Z" duration-ms="14132">
      <class name="com.qa.AutoloadAI.tests.ExecuteScriptTest">
        <test-method is-config="true" signature="setup(java.lang.String)[pri:0, instance:com.qa.AutoloadAI.tests.ExecuteScriptTest@11bb571c]" started-at="2024-07-24T15:36:27Z" name="setup" finished-at="2024-07-24T15:36:39Z" duration-ms="12812" status="PASS">
          <params>
            <param index="0">
              <value>
                <![CDATA[chrome]]>
              </value>
            </param>
          </params>
          <reporter-output>
          </reporter-output>
        </test-method> <!-- setup -->
        <test-method signature="loginPageNavigationTest()[pri:1, instance:com.qa.AutoloadAI.tests.ExecuteScriptTest@11bb571c]" started-at="2024-07-24T15:36:39Z" name="loginPageNavigationTest" finished-at="2024-07-24T15:36:40Z" duration-ms="324" status="PASS">
          <reporter-output>
          </reporter-output>
        </test-method> <!-- loginPageNavigationTest -->
        <test-method signature="appLoginTest()[pri:2, instance:com.qa.AutoloadAI.tests.ExecuteScriptTest@11bb571c]" started-at="2024-07-24T15:36:40Z" name="appLoginTest" finished-at="2024-07-24T15:36:40Z" duration-ms="219" status="FAIL">
          <exception class="java.lang.NullPointerException">
            <message>
              <![CDATA[Cannot invoke "com.microsoft.playwright.Page.click(String)" because "this.page" is null]]>
            </message>
            <full-stacktrace>
              <![CDATA[java.lang.NullPointerException: Cannot invoke "com.microsoft.playwright.Page.click(String)" because "this.page" is null
at com.qa.AutoloadAI.pages.ExecuteScriptPage.clickPlayButton(ExecuteScriptPage.java:14)
at com.qa.AutoloadAI.tests.ExecuteScriptTest.appLoginTest(ExecuteScriptTest.java:31)
at java.base/jdk.internal.reflect.NativeMethodAccessorImpl.invoke0(Native Method)
at java.base/jdk.internal.reflect.NativeMethodAccessorImpl.invoke(NativeMethodAccessorImpl.java:77)
at java.base/jdk.internal.reflect.DelegatingMethodAccessorImpl.invoke(DelegatingMethodAccessorImpl.java:43)
at java.base/java.lang.reflect.Method.invoke(Method.java:568)
at org.testng.internal.MethodInvocationHelper.invokeMethod(MethodInvocationHelper.java:124)
at org.testng.internal.Invoker.invokeMethod(Invoker.java:583)
at org.testng.internal.Invoker.invokeTestMethod(Invoker.java:719)
at org.testng.internal.Invoker.invokeTestMethods(Invoker.java:989)
at org.testng.internal.TestMethodWorker.invokeTestMethods(TestMethodWorker.java:125)
at org.testng.internal.TestMethodWorker.run(TestMethodWorker.java:109)
at org.testng.TestRunner.privateRun(TestRunner.java:648)
at org.testng.TestRunner.run(TestRunner.java:505)
at org.testng.SuiteRunner.runTest(SuiteRunner.java:455)
at org.testng.SuiteRunner.access$000(SuiteRunner.java:40)
at org.testng.SuiteRunner$SuiteWorker.run(SuiteRunner.java:489)
at org.testng.internal.thread.ThreadUtil$1.call(ThreadUtil.java:52)
at java.base/java.util.concurrent.FutureTask.run(FutureTask.java:264)
at java.base/java.util.concurrent.ThreadPoolExecutor.runWorker(ThreadPoolExecutor.java:1136)
at java.base/java.util.concurrent.ThreadPoolExecutor$Worker.run(ThreadPoolExecutor.java:635)
at java.base/java.lang.Thread.run(Thread.java:833)
]]>
            </full-stacktrace>
          </exception> <!-- java.lang.NullPointerException -->
          <reporter-output>
          </reporter-output>
        </test-method> <!-- appLoginTest -->
        <test-method is-config="true" signature="tearDown()[pri:0, instance:com.qa.AutoloadAI.tests.ExecuteScriptTest@11bb571c]" started-at="2024-07-24T15:36:40Z" name="tearDown" finished-at="2024-07-24T15:36:41Z" duration-ms="242" status="PASS">
          <reporter-output>
          </reporter-output>
        </test-method> <!-- tearDown -->
      </class> <!-- com.qa.AutoloadAI.tests.ExecuteScriptTest -->
    </test> <!-- Autoload AI ScriptExecute Page Test_edge -->
  </suite> <!-- MyTestSuite -->
</testng-results>
