<?xml version="1.0" encoding="UTF-8"?>
<testng-results ignored="0" total="3" passed="3" failed="0" skipped="0">
  <reporter-output>
  </reporter-output>
  <suite started-at="2024-07-30T16:01:46Z" name="MyTestSuite" finished-at="2024-07-30T16:02:09Z" duration-ms="23366">
    <groups>
    </groups>
    <test started-at="2024-07-30T16:01:46Z" name="Autoload AI Load Generator Test_edge" finished-at="2024-07-30T16:02:09Z" duration-ms="23366">
      <class name="com.qa.AutoloadAI.tests.LoadGeneratorTest">
        <test-method is-config="true" signature="setup(java.lang.String)[pri:0, instance:com.qa.AutoloadAI.tests.LoadGeneratorTest@2a225dd7]" started-at="2024-07-30T16:01:46Z" name="setup" finished-at="2024-07-30T16:02:01Z" duration-ms="15253" status="PASS">
          <params>
            <param index="0">
              <value>
                <![CDATA[chrome]]>
              </value>
            </param>
          </params>
          <reporter-output>
          </reporter-output>
        </test-method> <!-- setup -->
        <test-method signature="loginPageURLForLoadGenerator()[pri:1, instance:com.qa.AutoloadAI.tests.LoadGeneratorTest@2a225dd7]" started-at="2024-07-30T16:02:01Z" name="loginPageURLForLoadGenerator" finished-at="2024-07-30T16:02:01Z" duration-ms="551" status="PASS">
          <reporter-output>
          </reporter-output>
        </test-method> <!-- loginPageURLForLoadGenerator -->
        <test-method signature="loginActionForLoadGenerator()[pri:2, instance:com.qa.AutoloadAI.tests.LoadGeneratorTest@2a225dd7]" started-at="2024-07-30T16:02:02Z" name="loginActionForLoadGenerator" finished-at="2024-07-30T16:02:02Z" duration-ms="160" status="PASS">
          <reporter-output>
          </reporter-output>
        </test-method> <!-- loginActionForLoadGenerator -->
        <test-method signature="ToValidatetheLoadGeneratorPage()[pri:3, instance:com.qa.AutoloadAI.tests.LoadGeneratorTest@2a225dd7]" started-at="2024-07-30T16:02:03Z" name="ToValidatetheLoadGeneratorPage" finished-at="2024-07-30T16:02:08Z" duration-ms="5675" status="PASS">
          <reporter-output>
          </reporter-output>
        </test-method> <!-- ToValidatetheLoadGeneratorPage -->
        <test-method is-config="true" signature="tearDown()[pri:0, instance:com.qa.AutoloadAI.tests.LoadGeneratorTest@2a225dd7]" started-at="2024-07-30T16:02:09Z" name="tearDown" finished-at="2024-07-30T16:02:09Z" duration-ms="468" status="PASS">
          <reporter-output>
          </reporter-output>
        </test-method> <!-- tearDown -->
      </class> <!-- com.qa.AutoloadAI.tests.LoadGeneratorTest -->
    </test> <!-- Autoload AI Load Generator Test_edge -->
  </suite> <!-- MyTestSuite -->
</testng-results>
